-------------------------- 
Thu 03/02/2023 15:03:35.59 
-------------------------- 
15:03:37.996 [main] INFO  org.apache.hyracks.control.nc.service.NCService - Waiting for connection from CC on *:9091
15:03:40.128 [main] INFO  org.apache.hyracks.control.nc.service.NCService - Using JAVA_OPTS from conf file (jvm.args)
15:03:40.128 [main] INFO  org.apache.hyracks.control.nc.service.NCService - Setting JAVA_OPTS to -XX:MaxGCPauseMillis=25000 -Xmx9615m
15:03:40.133 [main] INFO  org.apache.hyracks.control.nc.service.NCService - Launching NCDriver process
15:03:41.815 [main] WARN  org.apache.hyracks.control.nc.NCLogConfigurationFactory - logs are being redirected to: C:\Users\emm12\OneDrive - UW\Winter Quarter 2023\CSE414\HW7\asterix-server-0.9.6-binary-assembly\apache-asterixdb-0.9.6\opt\local\logs\nc-asterix_nc2.log
^C15:07:01.616 [main] INFO  org.apache.hyracks.control.nc.service.NCService - NCDriver exited with return value -1073741510
^C-------------------------- 
Thu 03/02/2023 15:08:04.44 
-------------------------- 
15:08:06.319 [main] INFO  org.apache.hyracks.control.nc.service.NCService - Waiting for connection from CC on *:9091
15:08:08.458 [main] INFO  org.apache.hyracks.control.nc.service.NCService - Using JAVA_OPTS from conf file (jvm.args)
15:08:08.459 [main] INFO  org.apache.hyracks.control.nc.service.NCService - Setting JAVA_OPTS to -XX:MaxGCPauseMillis=25000 -Xmx9615m
15:08:08.460 [main] INFO  org.apache.hyracks.control.nc.service.NCService - Launching NCDriver process
15:08:09.908 [main] WARN  org.apache.hyracks.control.nc.NCLogConfigurationFactory - logs are being redirected to: C:\Users\emm12\OneDrive - UW\Winter Quarter 2023\CSE414\HW7\asterix-server-0.9.6-binary-assembly\apache-asterixdb-0.9.6\opt\local\logs\nc-asterix_nc2.log
16:31:02.862 [main] INFO  org.apache.hyracks.control.nc.service.NCService - NCDriver exited with return value 0
16:31:02.865 [main] INFO  org.apache.hyracks.control.nc.service.NCService - Waiting for connection from CC on *:9091
^C-------------------------- 
Wed 03/08/2023 18:03:22.83 
-------------------------- 
18:03:25.270 [main] INFO  org.apache.hyracks.control.nc.service.NCService - Waiting for connection from CC on *:9091
18:03:27.453 [main] INFO  org.apache.hyracks.control.nc.service.NCService - Using JAVA_OPTS from conf file (jvm.args)
18:03:27.454 [main] INFO  org.apache.hyracks.control.nc.service.NCService - Setting JAVA_OPTS to -XX:MaxGCPauseMillis=25000 -Xmx9615m
18:03:27.455 [main] INFO  org.apache.hyracks.control.nc.service.NCService - Launching NCDriver process
18:03:28.979 [main] WARN  org.apache.hyracks.control.nc.NCLogConfigurationFactory - logs are being redirected to: C:\Users\emm12\OneDrive - UW\Winter Quarter 2023\CSE414\HW7\asterix-server-0.9.6-binary-assembly\apache-asterixdb-0.9.6\opt\local\logs\nc-asterix_nc2.log
08:24:14.725 [main] INFO  org.apache.hyracks.control.nc.service.NCService - NCDriver exited with return value 0
08:24:15.739 [main] INFO  org.apache.hyracks.control.nc.service.NCService - Waiting for connection from CC on *:9091
12:02:22.710 [main] INFO  org.apache.hyracks.control.nc.service.NCService - Terminating NCService based on command from CC
12:02:22.713 [main] INFO  org.apache.hyracks.control.nc.service.NCService - JVM Exiting.. Bye!
-------------------------- 
Thu 03/09/2023 12:02:33.38 
-------------------------- 
12:02:35.231 [main] INFO  org.apache.hyracks.control.nc.service.NCService - Waiting for connection from CC on *:9091
12:02:36.904 [main] INFO  org.apache.hyracks.control.nc.service.NCService - Using JAVA_OPTS from conf file (jvm.args)
12:02:36.904 [main] INFO  org.apache.hyracks.control.nc.service.NCService - Setting JAVA_OPTS to -XX:MaxGCPauseMillis=25000 -Xmx9615m
12:02:36.904 [main] INFO  org.apache.hyracks.control.nc.service.NCService - Launching NCDriver process
12:02:38.233 [main] WARN  org.apache.hyracks.control.nc.NCLogConfigurationFactory - logs are being redirected to: C:\Users\emm12\OneDrive - UW\Winter Quarter 2023\CSE414\HW7\asterix-server-0.9.6-binary-assembly\apache-asterixdb-0.9.6\opt\local\logs\nc-asterix_nc2.log
15:34:07.058 [main] INFO  org.apache.hyracks.control.nc.service.NCService - NCDriver exited with return value 0
15:34:07.195 [main] INFO  org.apache.hyracks.control.nc.service.NCService - Waiting for connection from CC on *:9091
14:48:09.307 [main] INFO  org.apache.hyracks.control.nc.service.NCService - Terminating NCService based on command from CC
14:48:09.324 [main] INFO  org.apache.hyracks.control.nc.service.NCService - JVM Exiting.. Bye!
-------------------------- 
Sat 03/11/2023 14:48:20.61 
-------------------------- 
14:48:22.551 [main] INFO  org.apache.hyracks.control.nc.service.NCService - Waiting for connection from CC on *:9091
14:48:24.156 [main] INFO  org.apache.hyracks.control.nc.service.NCService - Using JAVA_OPTS from conf file (jvm.args)
14:48:24.156 [main] INFO  org.apache.hyracks.control.nc.service.NCService - Setting JAVA_OPTS to -XX:MaxGCPauseMillis=25000 -Xmx9615m
14:48:24.157 [main] INFO  org.apache.hyracks.control.nc.service.NCService - Launching NCDriver process
14:48:25.372 [main] WARN  org.apache.hyracks.control.nc.NCLogConfigurationFactory - logs are being redirected to: C:\Users\emm12\OneDrive - UW\Winter Quarter 2023\CSE414\HW7\asterix-server-0.9.6-binary-assembly\apache-asterixdb-0.9.6\opt\local\logs\nc-asterix_nc2.log
^CTerminate batch job (Y/N)? ^CTerminate batch job (Y/N)? -------------------------- 
Sun 03/12/2023 18:38:39.75 
-------------------------- 
18:38:41.945 [main] INFO  org.apache.hyracks.control.nc.service.NCService - Waiting for connection from CC on *:9091
18:38:43.842 [main] INFO  org.apache.hyracks.control.nc.service.NCService - Using JAVA_OPTS from conf file (jvm.args)
18:38:43.843 [main] INFO  org.apache.hyracks.control.nc.service.NCService - Setting JAVA_OPTS to -XX:MaxGCPauseMillis=25000 -Xmx9615m
18:38:43.844 [main] INFO  org.apache.hyracks.control.nc.service.NCService - Launching NCDriver process
18:38:45.507 [main] WARN  org.apache.hyracks.control.nc.NCLogConfigurationFactory - logs are being redirected to: C:\Users\emm12\OneDrive - UW\Winter Quarter 2023\CSE414\HW7\asterix-server-0.9.6-binary-assembly\apache-asterixdb-0.9.6\opt\local\logs\nc-asterix_nc2.log
09:31:47.852 [main] INFO  org.apache.hyracks.control.nc.service.NCService - NCDriver exited with return value 0
09:31:48.832 [main] INFO  org.apache.hyracks.control.nc.service.NCService - Waiting for connection from CC on *:9091
15:49:29.463 [main] INFO  org.apache.hyracks.control.nc.service.NCService - Terminating NCService based on command from CC
15:49:29.472 [main] INFO  org.apache.hyracks.control.nc.service.NCService - JVM Exiting.. Bye!
-------------------------- 
Mon 03/13/2023 15:49:40.90 
-------------------------- 
15:49:43.642 [main] INFO  org.apache.hyracks.control.nc.service.NCService - Waiting for connection from CC on *:9091
15:49:46.425 [main] INFO  org.apache.hyracks.control.nc.service.NCService - Using JAVA_OPTS from conf file (jvm.args)
15:49:46.426 [main] INFO  org.apache.hyracks.control.nc.service.NCService - Setting JAVA_OPTS to -XX:MaxGCPauseMillis=25000 -Xmx9615m
15:49:46.428 [main] INFO  org.apache.hyracks.control.nc.service.NCService - Launching NCDriver process
15:49:48.055 [main] WARN  org.apache.hyracks.control.nc.NCLogConfigurationFactory - logs are being redirected to: C:\Users\emm12\OneDrive - UW\Winter Quarter 2023\CSE414\HW7\asterix-server-0.9.6-binary-assembly\apache-asterixdb-0.9.6\opt\local\logs\nc-asterix_nc2.log
