-------------------------- 
Thu 03/02/2023 15:03:35.61 
-------------------------- 
15:03:38.140 [main] WARN  org.apache.hyracks.control.cc.CCLogConfigurationFactory - logs are being redirected to: C:\Users\emm12\OneDrive - UW\Winter Quarter 2023\CSE414\HW7\asterix-server-0.9.6-binary-assembly\apache-asterixdb-0.9.6\opt\local\logs\cc.log
2023-03-02 15:03:38,171 main ERROR RollingFileManager (C:\Users\emm12\OneDrive - UW\Winter Quarter 2023\CSE414\HW7\asterix-server-0.9.6-binary-assembly\apache-asterixdb-0.9.6\opt\local\logs\cc.log) java.io.FileNotFoundException: C:\Users\emm12\OneDrive - UW\Winter Quarter 2023\CSE414\HW7\asterix-server-0.9.6-binary-assembly\apache-asterixdb-0.9.6\opt\local\logs\cc.log (The process cannot access the file because it is being used by another process) java.io.FileNotFoundException: C:\Users\emm12\OneDrive - UW\Winter Quarter 2023\CSE414\HW7\asterix-server-0.9.6-binary-assembly\apache-asterixdb-0.9.6\opt\local\logs\cc.log (The process cannot access the file because it is being used by another process)
	at java.base/java.io.FileOutputStream.open0(Native Method)
	at java.base/java.io.FileOutputStream.open(FileOutputStream.java:293)
	at java.base/java.io.FileOutputStream.<init>(FileOutputStream.java:235)
	at java.base/java.io.FileOutputStream.<init>(FileOutputStream.java:155)
	at org.apache.logging.log4j.core.appender.rolling.RollingFileManager$RollingFileManagerFactory.createManager(RollingFileManager.java:671)
	at org.apache.logging.log4j.core.appender.rolling.RollingFileManager$RollingFileManagerFactory.createManager(RollingFileManager.java:641)
	at org.apache.logging.log4j.core.appender.AbstractManager.getManager(AbstractManager.java:113)
	at org.apache.logging.log4j.core.appender.OutputStreamManager.getManager(OutputStreamManager.java:100)
	at org.apache.logging.log4j.core.appender.rolling.RollingFileManager.getFileManager(RollingFileManager.java:205)
	at org.apache.logging.log4j.core.appender.RollingFileAppender$Builder.build(RollingFileAppender.java:146)
	at org.apache.logging.log4j.core.appender.RollingFileAppender$Builder.build(RollingFileAppender.java:62)
	at org.apache.logging.log4j.core.config.plugins.util.PluginBuilder.build(PluginBuilder.java:122)
	at org.apache.logging.log4j.core.config.AbstractConfiguration.createPluginObject(AbstractConfiguration.java:1002)
	at org.apache.logging.log4j.core.config.AbstractConfiguration.createConfiguration(AbstractConfiguration.java:942)
	at org.apache.logging.log4j.core.config.AbstractConfiguration.createConfiguration(AbstractConfiguration.java:934)
	at org.apache.logging.log4j.core.config.AbstractConfiguration.doConfigure(AbstractConfiguration.java:552)
	at org.apache.logging.log4j.core.config.AbstractConfiguration.initialize(AbstractConfiguration.java:241)
	at org.apache.logging.log4j.core.config.builder.impl.DefaultConfigurationBuilder.build(DefaultConfigurationBuilder.java:205)
	at org.apache.logging.log4j.core.config.builder.impl.DefaultConfigurationBuilder.build(DefaultConfigurationBuilder.java:162)
	at org.apache.logging.log4j.core.config.builder.impl.DefaultConfigurationBuilder.build(DefaultConfigurationBuilder.java:58)
	at org.apache.hyracks.control.cc.CCLogConfigurationFactory.createConfiguration(CCLogConfigurationFactory.java:75)
	at org.apache.hyracks.control.cc.CCLogConfigurationFactory.getConfiguration(CCLogConfigurationFactory.java:87)
	at org.apache.hyracks.control.cc.CCLogConfigurationFactory.getConfiguration(CCLogConfigurationFactory.java:80)
	at org.apache.hyracks.control.cc.CCDriver.main(CCDriver.java:57)
	at java.base/jdk.internal.reflect.NativeMethodAccessorImpl.invoke0(Native Method)
	at java.base/jdk.internal.reflect.NativeMethodAccessorImpl.invoke(NativeMethodAccessorImpl.java:77)
	at java.base/jdk.internal.reflect.DelegatingMethodAccessorImpl.invoke(DelegatingMethodAccessorImpl.java:43)
	at java.base/java.lang.reflect.Method.invoke(Method.java:568)
	at org.codehaus.mojo.appassembler.booter.AppassemblerBooter.executeMain(AppassemblerBooter.java:238)
	at org.codehaus.mojo.appassembler.booter.AppassemblerBooter.main(AppassemblerBooter.java:70)

2023-03-02 15:03:38,187 main ERROR Could not create plugin of type class org.apache.logging.log4j.core.appender.RollingFileAppender for element RollingFile: java.lang.IllegalStateException: ManagerFactory [org.apache.logging.log4j.core.appender.rolling.RollingFileManager$RollingFileManagerFactory@5ba88be8] unable to create manager for [C:\Users\emm12\OneDrive - UW\Winter Quarter 2023\CSE414\HW7\asterix-server-0.9.6-binary-assembly\apache-asterixdb-0.9.6\opt\local\logs\cc.log] with data [org.apache.logging.log4j.core.appender.rolling.RollingFileManager$FactoryData@56928307[pattern=C:\Users\emm12\OneDrive - UW\Winter Quarter 2023\CSE414\HW7\asterix-server-0.9.6-binary-assembly\apache-asterixdb-0.9.6\opt\local\logs\cc-%d{MM-dd-yy}.log.gz, append=true, bufferedIO=true, bufferSize=8192, policy=CompositeTriggeringPolicy(policies=[CronTriggeringPolicy(schedule=0 0 0 * * ?), SizeBasedTriggeringPolicy(size=52428800)]), strategy=DefaultRolloverStrategy(min=1, max=7, useMax=true), advertiseURI=null, layout=%d{HH:mm:ss.SSS} [%t] %-5level %logger{36} - %msg%n, filePermissions=null, fileOwner=null]] java.lang.IllegalStateException: ManagerFactory [org.apache.logging.log4j.core.appender.rolling.RollingFileManager$RollingFileManagerFactory@5ba88be8] unable to create manager for [C:\Users\emm12\OneDrive - UW\Winter Quarter 2023\CSE414\HW7\asterix-server-0.9.6-binary-assembly\apache-asterixdb-0.9.6\opt\local\logs\cc.log] with data [org.apache.logging.log4j.core.appender.rolling.RollingFileManager$FactoryData@56928307[pattern=C:\Users\emm12\OneDrive - UW\Winter Quarter 2023\CSE414\HW7\asterix-server-0.9.6-binary-assembly\apache-asterixdb-0.9.6\opt\local\logs\cc-%d{MM-dd-yy}.log.gz, append=true, bufferedIO=true, bufferSize=8192, policy=CompositeTriggeringPolicy(policies=[CronTriggeringPolicy(schedule=0 0 0 * * ?), SizeBasedTriggeringPolicy(size=52428800)]), strategy=DefaultRolloverStrategy(min=1, max=7, useMax=true), advertiseURI=null, layout=%d{HH:mm:ss.SSS} [%t] %-5level %logger{36} - %msg%n, filePermissions=null, fileOwner=null]]
	at org.apache.logging.log4j.core.appender.AbstractManager.getManager(AbstractManager.java:115)
	at org.apache.logging.log4j.core.appender.OutputStreamManager.getManager(OutputStreamManager.java:100)
	at org.apache.logging.log4j.core.appender.rolling.RollingFileManager.getFileManager(RollingFileManager.java:205)
	at org.apache.logging.log4j.core.appender.RollingFileAppender$Builder.build(RollingFileAppender.java:146)
	at org.apache.logging.log4j.core.appender.RollingFileAppender$Builder.build(RollingFileAppender.java:62)
	at org.apache.logging.log4j.core.config.plugins.util.PluginBuilder.build(PluginBuilder.java:122)
	at org.apache.logging.log4j.core.config.AbstractConfiguration.createPluginObject(AbstractConfiguration.java:1002)
	at org.apache.logging.log4j.core.config.AbstractConfiguration.createConfiguration(AbstractConfiguration.java:942)
	at org.apache.logging.log4j.core.config.AbstractConfiguration.createConfiguration(AbstractConfiguration.java:934)
	at org.apache.logging.log4j.core.config.AbstractConfiguration.doConfigure(AbstractConfiguration.java:552)
	at org.apache.logging.log4j.core.config.AbstractConfiguration.initialize(AbstractConfiguration.java:241)
	at org.apache.logging.log4j.core.config.builder.impl.DefaultConfigurationBuilder.build(DefaultConfigurationBuilder.java:205)
	at org.apache.logging.log4j.core.config.builder.impl.DefaultConfigurationBuilder.build(DefaultConfigurationBuilder.java:162)
	at org.apache.logging.log4j.core.config.builder.impl.DefaultConfigurationBuilder.build(DefaultConfigurationBuilder.java:58)
	at org.apache.hyracks.control.cc.CCLogConfigurationFactory.createConfiguration(CCLogConfigurationFactory.java:75)
	at org.apache.hyracks.control.cc.CCLogConfigurationFactory.getConfiguration(CCLogConfigurationFactory.java:87)
	at org.apache.hyracks.control.cc.CCLogConfigurationFactory.getConfiguration(CCLogConfigurationFactory.java:80)
	at org.apache.hyracks.control.cc.CCDriver.main(CCDriver.java:57)
	at java.base/jdk.internal.reflect.NativeMethodAccessorImpl.invoke0(Native Method)
	at java.base/jdk.internal.reflect.NativeMethodAccessorImpl.invoke(NativeMethodAccessorImpl.java:77)
	at java.base/jdk.internal.reflect.DelegatingMethodAccessorImpl.invoke(DelegatingMethodAccessorImpl.java:43)
	at java.base/java.lang.reflect.Method.invoke(Method.java:568)
	at org.codehaus.mojo.appassembler.booter.AppassemblerBooter.executeMain(AppassemblerBooter.java:238)
	at org.codehaus.mojo.appassembler.booter.AppassemblerBooter.main(AppassemblerBooter.java:70)

2023-03-02 15:03:38,187 main ERROR Unable to invoke factory method in class org.apache.logging.log4j.core.appender.RollingFileAppender for element RollingFile: java.lang.IllegalStateException: No factory method found for class org.apache.logging.log4j.core.appender.RollingFileAppender java.lang.IllegalStateException: No factory method found for class org.apache.logging.log4j.core.appender.RollingFileAppender
	at org.apache.logging.log4j.core.config.plugins.util.PluginBuilder.findFactoryMethod(PluginBuilder.java:234)
	at org.apache.logging.log4j.core.config.plugins.util.PluginBuilder.build(PluginBuilder.java:134)
	at org.apache.logging.log4j.core.config.AbstractConfiguration.createPluginObject(AbstractConfiguration.java:1002)
	at org.apache.logging.log4j.core.config.AbstractConfiguration.createConfiguration(AbstractConfiguration.java:942)
	at org.apache.logging.log4j.core.config.AbstractConfiguration.createConfiguration(AbstractConfiguration.java:934)
	at org.apache.logging.log4j.core.config.AbstractConfiguration.doConfigure(AbstractConfiguration.java:552)
	at org.apache.logging.log4j.core.config.AbstractConfiguration.initialize(AbstractConfiguration.java:241)
	at org.apache.logging.log4j.core.config.builder.impl.DefaultConfigurationBuilder.build(DefaultConfigurationBuilder.java:205)
	at org.apache.logging.log4j.core.config.builder.impl.DefaultConfigurationBuilder.build(DefaultConfigurationBuilder.java:162)
	at org.apache.logging.log4j.core.config.builder.impl.DefaultConfigurationBuilder.build(DefaultConfigurationBuilder.java:58)
	at org.apache.hyracks.control.cc.CCLogConfigurationFactory.createConfiguration(CCLogConfigurationFactory.java:75)
	at org.apache.hyracks.control.cc.CCLogConfigurationFactory.getConfiguration(CCLogConfigurationFactory.java:87)
	at org.apache.hyracks.control.cc.CCLogConfigurationFactory.getConfiguration(CCLogConfigurationFactory.java:80)
	at org.apache.hyracks.control.cc.CCDriver.main(CCDriver.java:57)
	at java.base/jdk.internal.reflect.NativeMethodAccessorImpl.invoke0(Native Method)
	at java.base/jdk.internal.reflect.NativeMethodAccessorImpl.invoke(NativeMethodAccessorImpl.java:77)
	at java.base/jdk.internal.reflect.DelegatingMethodAccessorImpl.invoke(DelegatingMethodAccessorImpl.java:43)
	at java.base/java.lang.reflect.Method.invoke(Method.java:568)
	at org.codehaus.mojo.appassembler.booter.AppassemblerBooter.executeMain(AppassemblerBooter.java:238)
	at org.codehaus.mojo.appassembler.booter.AppassemblerBooter.main(AppassemblerBooter.java:70)

2023-03-02 15:03:38,219 main ERROR Null object returned for RollingFile in Appenders.
2023-03-02 15:03:38,219 main ERROR Unable to locate appender "default" for logger config "root"
^C-------------------------- 
Thu 03/02/2023 15:08:04.48 
-------------------------- 
15:08:06.476 [main] WARN  org.apache.hyracks.control.cc.CCLogConfigurationFactory - logs are being redirected to: C:\Users\emm12\OneDrive - UW\Winter Quarter 2023\CSE414\HW7\asterix-server-0.9.6-binary-assembly\apache-asterixdb-0.9.6\opt\local\logs\cc.log
2023-03-02 15:08:06,507 main ERROR RollingFileManager (C:\Users\emm12\OneDrive - UW\Winter Quarter 2023\CSE414\HW7\asterix-server-0.9.6-binary-assembly\apache-asterixdb-0.9.6\opt\local\logs\cc.log) java.io.FileNotFoundException: C:\Users\emm12\OneDrive - UW\Winter Quarter 2023\CSE414\HW7\asterix-server-0.9.6-binary-assembly\apache-asterixdb-0.9.6\opt\local\logs\cc.log (The process cannot access the file because it is being used by another process) java.io.FileNotFoundException: C:\Users\emm12\OneDrive - UW\Winter Quarter 2023\CSE414\HW7\asterix-server-0.9.6-binary-assembly\apache-asterixdb-0.9.6\opt\local\logs\cc.log (The process cannot access the file because it is being used by another process)
	at java.base/java.io.FileOutputStream.open0(Native Method)
	at java.base/java.io.FileOutputStream.open(FileOutputStream.java:293)
	at java.base/java.io.FileOutputStream.<init>(FileOutputStream.java:235)
	at java.base/java.io.FileOutputStream.<init>(FileOutputStream.java:155)
	at org.apache.logging.log4j.core.appender.rolling.RollingFileManager$RollingFileManagerFactory.createManager(RollingFileManager.java:671)
	at org.apache.logging.log4j.core.appender.rolling.RollingFileManager$RollingFileManagerFactory.createManager(RollingFileManager.java:641)
	at org.apache.logging.log4j.core.appender.AbstractManager.getManager(AbstractManager.java:113)
	at org.apache.logging.log4j.core.appender.OutputStreamManager.getManager(OutputStreamManager.java:100)
	at org.apache.logging.log4j.core.appender.rolling.RollingFileManager.getFileManager(RollingFileManager.java:205)
	at org.apache.logging.log4j.core.appender.RollingFileAppender$Builder.build(RollingFileAppender.java:146)
	at org.apache.logging.log4j.core.appender.RollingFileAppender$Builder.build(RollingFileAppender.java:62)
	at org.apache.logging.log4j.core.config.plugins.util.PluginBuilder.build(PluginBuilder.java:122)
	at org.apache.logging.log4j.core.config.AbstractConfiguration.createPluginObject(AbstractConfiguration.java:1002)
	at org.apache.logging.log4j.core.config.AbstractConfiguration.createConfiguration(AbstractConfiguration.java:942)
	at org.apache.logging.log4j.core.config.AbstractConfiguration.createConfiguration(AbstractConfiguration.java:934)
	at org.apache.logging.log4j.core.config.AbstractConfiguration.doConfigure(AbstractConfiguration.java:552)
	at org.apache.logging.log4j.core.config.AbstractConfiguration.initialize(AbstractConfiguration.java:241)
	at org.apache.logging.log4j.core.config.builder.impl.DefaultConfigurationBuilder.build(DefaultConfigurationBuilder.java:205)
	at org.apache.logging.log4j.core.config.builder.impl.DefaultConfigurationBuilder.build(DefaultConfigurationBuilder.java:162)
	at org.apache.logging.log4j.core.config.builder.impl.DefaultConfigurationBuilder.build(DefaultConfigurationBuilder.java:58)
	at org.apache.hyracks.control.cc.CCLogConfigurationFactory.createConfiguration(CCLogConfigurationFactory.java:75)
	at org.apache.hyracks.control.cc.CCLogConfigurationFactory.getConfiguration(CCLogConfigurationFactory.java:87)
	at org.apache.hyracks.control.cc.CCLogConfigurationFactory.getConfiguration(CCLogConfigurationFactory.java:80)
	at org.apache.hyracks.control.cc.CCDriver.main(CCDriver.java:57)
	at java.base/jdk.internal.reflect.NativeMethodAccessorImpl.invoke0(Native Method)
	at java.base/jdk.internal.reflect.NativeMethodAccessorImpl.invoke(NativeMethodAccessorImpl.java:77)
	at java.base/jdk.internal.reflect.DelegatingMethodAccessorImpl.invoke(DelegatingMethodAccessorImpl.java:43)
	at java.base/java.lang.reflect.Method.invoke(Method.java:568)
	at org.codehaus.mojo.appassembler.booter.AppassemblerBooter.executeMain(AppassemblerBooter.java:238)
	at org.codehaus.mojo.appassembler.booter.AppassemblerBooter.main(AppassemblerBooter.java:70)

2023-03-02 15:08:06,523 main ERROR Could not create plugin of type class org.apache.logging.log4j.core.appender.RollingFileAppender for element RollingFile: java.lang.IllegalStateException: ManagerFactory [org.apache.logging.log4j.core.appender.rolling.RollingFileManager$RollingFileManagerFactory@5ba88be8] unable to create manager for [C:\Users\emm12\OneDrive - UW\Winter Quarter 2023\CSE414\HW7\asterix-server-0.9.6-binary-assembly\apache-asterixdb-0.9.6\opt\local\logs\cc.log] with data [org.apache.logging.log4j.core.appender.rolling.RollingFileManager$FactoryData@56928307[pattern=C:\Users\emm12\OneDrive - UW\Winter Quarter 2023\CSE414\HW7\asterix-server-0.9.6-binary-assembly\apache-asterixdb-0.9.6\opt\local\logs\cc-%d{MM-dd-yy}.log.gz, append=true, bufferedIO=true, bufferSize=8192, policy=CompositeTriggeringPolicy(policies=[CronTriggeringPolicy(schedule=0 0 0 * * ?), SizeBasedTriggeringPolicy(size=52428800)]), strategy=DefaultRolloverStrategy(min=1, max=7, useMax=true), advertiseURI=null, layout=%d{HH:mm:ss.SSS} [%t] %-5level %logger{36} - %msg%n, filePermissions=null, fileOwner=null]] java.lang.IllegalStateException: ManagerFactory [org.apache.logging.log4j.core.appender.rolling.RollingFileManager$RollingFileManagerFactory@5ba88be8] unable to create manager for [C:\Users\emm12\OneDrive - UW\Winter Quarter 2023\CSE414\HW7\asterix-server-0.9.6-binary-assembly\apache-asterixdb-0.9.6\opt\local\logs\cc.log] with data [org.apache.logging.log4j.core.appender.rolling.RollingFileManager$FactoryData@56928307[pattern=C:\Users\emm12\OneDrive - UW\Winter Quarter 2023\CSE414\HW7\asterix-server-0.9.6-binary-assembly\apache-asterixdb-0.9.6\opt\local\logs\cc-%d{MM-dd-yy}.log.gz, append=true, bufferedIO=true, bufferSize=8192, policy=CompositeTriggeringPolicy(policies=[CronTriggeringPolicy(schedule=0 0 0 * * ?), SizeBasedTriggeringPolicy(size=52428800)]), strategy=DefaultRolloverStrategy(min=1, max=7, useMax=true), advertiseURI=null, layout=%d{HH:mm:ss.SSS} [%t] %-5level %logger{36} - %msg%n, filePermissions=null, fileOwner=null]]
	at org.apache.logging.log4j.core.appender.AbstractManager.getManager(AbstractManager.java:115)
	at org.apache.logging.log4j.core.appender.OutputStreamManager.getManager(OutputStreamManager.java:100)
	at org.apache.logging.log4j.core.appender.rolling.RollingFileManager.getFileManager(RollingFileManager.java:205)
	at org.apache.logging.log4j.core.appender.RollingFileAppender$Builder.build(RollingFileAppender.java:146)
	at org.apache.logging.log4j.core.appender.RollingFileAppender$Builder.build(RollingFileAppender.java:62)
	at org.apache.logging.log4j.core.config.plugins.util.PluginBuilder.build(PluginBuilder.java:122)
	at org.apache.logging.log4j.core.config.AbstractConfiguration.createPluginObject(AbstractConfiguration.java:1002)
	at org.apache.logging.log4j.core.config.AbstractConfiguration.createConfiguration(AbstractConfiguration.java:942)
	at org.apache.logging.log4j.core.config.AbstractConfiguration.createConfiguration(AbstractConfiguration.java:934)
	at org.apache.logging.log4j.core.config.AbstractConfiguration.doConfigure(AbstractConfiguration.java:552)
	at org.apache.logging.log4j.core.config.AbstractConfiguration.initialize(AbstractConfiguration.java:241)
	at org.apache.logging.log4j.core.config.builder.impl.DefaultConfigurationBuilder.build(DefaultConfigurationBuilder.java:205)
	at org.apache.logging.log4j.core.config.builder.impl.DefaultConfigurationBuilder.build(DefaultConfigurationBuilder.java:162)
	at org.apache.logging.log4j.core.config.builder.impl.DefaultConfigurationBuilder.build(DefaultConfigurationBuilder.java:58)
	at org.apache.hyracks.control.cc.CCLogConfigurationFactory.createConfiguration(CCLogConfigurationFactory.java:75)
	at org.apache.hyracks.control.cc.CCLogConfigurationFactory.getConfiguration(CCLogConfigurationFactory.java:87)
	at org.apache.hyracks.control.cc.CCLogConfigurationFactory.getConfiguration(CCLogConfigurationFactory.java:80)
	at org.apache.hyracks.control.cc.CCDriver.main(CCDriver.java:57)
	at java.base/jdk.internal.reflect.NativeMethodAccessorImpl.invoke0(Native Method)
	at java.base/jdk.internal.reflect.NativeMethodAccessorImpl.invoke(NativeMethodAccessorImpl.java:77)
	at java.base/jdk.internal.reflect.DelegatingMethodAccessorImpl.invoke(DelegatingMethodAccessorImpl.java:43)
	at java.base/java.lang.reflect.Method.invoke(Method.java:568)
	at org.codehaus.mojo.appassembler.booter.AppassemblerBooter.executeMain(AppassemblerBooter.java:238)
	at org.codehaus.mojo.appassembler.booter.AppassemblerBooter.main(AppassemblerBooter.java:70)

2023-03-02 15:08:06,523 main ERROR Unable to invoke factory method in class org.apache.logging.log4j.core.appender.RollingFileAppender for element RollingFile: java.lang.IllegalStateException: No factory method found for class org.apache.logging.log4j.core.appender.RollingFileAppender java.lang.IllegalStateException: No factory method found for class org.apache.logging.log4j.core.appender.RollingFileAppender
	at org.apache.logging.log4j.core.config.plugins.util.PluginBuilder.findFactoryMethod(PluginBuilder.java:234)
	at org.apache.logging.log4j.core.config.plugins.util.PluginBuilder.build(PluginBuilder.java:134)
	at org.apache.logging.log4j.core.config.AbstractConfiguration.createPluginObject(AbstractConfiguration.java:1002)
	at org.apache.logging.log4j.core.config.AbstractConfiguration.createConfiguration(AbstractConfiguration.java:942)
	at org.apache.logging.log4j.core.config.AbstractConfiguration.createConfiguration(AbstractConfiguration.java:934)
	at org.apache.logging.log4j.core.config.AbstractConfiguration.doConfigure(AbstractConfiguration.java:552)
	at org.apache.logging.log4j.core.config.AbstractConfiguration.initialize(AbstractConfiguration.java:241)
	at org.apache.logging.log4j.core.config.builder.impl.DefaultConfigurationBuilder.build(DefaultConfigurationBuilder.java:205)
	at org.apache.logging.log4j.core.config.builder.impl.DefaultConfigurationBuilder.build(DefaultConfigurationBuilder.java:162)
	at org.apache.logging.log4j.core.config.builder.impl.DefaultConfigurationBuilder.build(DefaultConfigurationBuilder.java:58)
	at org.apache.hyracks.control.cc.CCLogConfigurationFactory.createConfiguration(CCLogConfigurationFactory.java:75)
	at org.apache.hyracks.control.cc.CCLogConfigurationFactory.getConfiguration(CCLogConfigurationFactory.java:87)
	at org.apache.hyracks.control.cc.CCLogConfigurationFactory.getConfiguration(CCLogConfigurationFactory.java:80)
	at org.apache.hyracks.control.cc.CCDriver.main(CCDriver.java:57)
	at java.base/jdk.internal.reflect.NativeMethodAccessorImpl.invoke0(Native Method)
	at java.base/jdk.internal.reflect.NativeMethodAccessorImpl.invoke(NativeMethodAccessorImpl.java:77)
	at java.base/jdk.internal.reflect.DelegatingMethodAccessorImpl.invoke(DelegatingMethodAccessorImpl.java:43)
	at java.base/java.lang.reflect.Method.invoke(Method.java:568)
	at org.codehaus.mojo.appassembler.booter.AppassemblerBooter.executeMain(AppassemblerBooter.java:238)
	at org.codehaus.mojo.appassembler.booter.AppassemblerBooter.main(AppassemblerBooter.java:70)

2023-03-02 15:08:06,539 main ERROR Null object returned for RollingFile in Appenders.
2023-03-02 15:08:06,539 main ERROR Unable to locate appender "default" for logger config "root"
^CTerminate batch job (Y/N)? -------------------------- 
Wed 03/08/2023 18:03:22.88 
-------------------------- 
18:03:25.540 [main] WARN  org.apache.hyracks.control.cc.CCLogConfigurationFactory - logs are being redirected to: C:\Users\emm12\OneDrive - UW\Winter Quarter 2023\CSE414\HW7\asterix-server-0.9.6-binary-assembly\apache-asterixdb-0.9.6\opt\local\logs\cc.log
2023-03-08 18:03:25,649 main ERROR RollingFileManager (C:\Users\emm12\OneDrive - UW\Winter Quarter 2023\CSE414\HW7\asterix-server-0.9.6-binary-assembly\apache-asterixdb-0.9.6\opt\local\logs\cc.log) java.io.FileNotFoundException: C:\Users\emm12\OneDrive - UW\Winter Quarter 2023\CSE414\HW7\asterix-server-0.9.6-binary-assembly\apache-asterixdb-0.9.6\opt\local\logs\cc.log (The process cannot access the file because it is being used by another process) java.io.FileNotFoundException: C:\Users\emm12\OneDrive - UW\Winter Quarter 2023\CSE414\HW7\asterix-server-0.9.6-binary-assembly\apache-asterixdb-0.9.6\opt\local\logs\cc.log (The process cannot access the file because it is being used by another process)
	at java.base/java.io.FileOutputStream.open0(Native Method)
	at java.base/java.io.FileOutputStream.open(FileOutputStream.java:293)
	at java.base/java.io.FileOutputStream.<init>(FileOutputStream.java:235)
	at java.base/java.io.FileOutputStream.<init>(FileOutputStream.java:155)
	at org.apache.logging.log4j.core.appender.rolling.RollingFileManager$RollingFileManagerFactory.createManager(RollingFileManager.java:671)
	at org.apache.logging.log4j.core.appender.rolling.RollingFileManager$RollingFileManagerFactory.createManager(RollingFileManager.java:641)
	at org.apache.logging.log4j.core.appender.AbstractManager.getManager(AbstractManager.java:113)
	at org.apache.logging.log4j.core.appender.OutputStreamManager.getManager(OutputStreamManager.java:100)
	at org.apache.logging.log4j.core.appender.rolling.RollingFileManager.getFileManager(RollingFileManager.java:205)
	at org.apache.logging.log4j.core.appender.RollingFileAppender$Builder.build(RollingFileAppender.java:146)
	at org.apache.logging.log4j.core.appender.RollingFileAppender$Builder.build(RollingFileAppender.java:62)
	at org.apache.logging.log4j.core.config.plugins.util.PluginBuilder.build(PluginBuilder.java:122)
	at org.apache.logging.log4j.core.config.AbstractConfiguration.createPluginObject(AbstractConfiguration.java:1002)
	at org.apache.logging.log4j.core.config.AbstractConfiguration.createConfiguration(AbstractConfiguration.java:942)
	at org.apache.logging.log4j.core.config.AbstractConfiguration.createConfiguration(AbstractConfiguration.java:934)
	at org.apache.logging.log4j.core.config.AbstractConfiguration.doConfigure(AbstractConfiguration.java:552)
	at org.apache.logging.log4j.core.config.AbstractConfiguration.initialize(AbstractConfiguration.java:241)
	at org.apache.logging.log4j.core.config.builder.impl.DefaultConfigurationBuilder.build(DefaultConfigurationBuilder.java:205)
	at org.apache.logging.log4j.core.config.builder.impl.DefaultConfigurationBuilder.build(DefaultConfigurationBuilder.java:162)
	at org.apache.logging.log4j.core.config.builder.impl.DefaultConfigurationBuilder.build(DefaultConfigurationBuilder.java:58)
	at org.apache.hyracks.control.cc.CCLogConfigurationFactory.createConfiguration(CCLogConfigurationFactory.java:75)
	at org.apache.hyracks.control.cc.CCLogConfigurationFactory.getConfiguration(CCLogConfigurationFactory.java:87)
	at org.apache.hyracks.control.cc.CCLogConfigurationFactory.getConfiguration(CCLogConfigurationFactory.java:80)
	at org.apache.hyracks.control.cc.CCDriver.main(CCDriver.java:57)
	at java.base/jdk.internal.reflect.NativeMethodAccessorImpl.invoke0(Native Method)
	at java.base/jdk.internal.reflect.NativeMethodAccessorImpl.invoke(NativeMethodAccessorImpl.java:77)
	at java.base/jdk.internal.reflect.DelegatingMethodAccessorImpl.invoke(DelegatingMethodAccessorImpl.java:43)
	at java.base/java.lang.reflect.Method.invoke(Method.java:568)
	at org.codehaus.mojo.appassembler.booter.AppassemblerBooter.executeMain(AppassemblerBooter.java:238)
	at org.codehaus.mojo.appassembler.booter.AppassemblerBooter.main(AppassemblerBooter.java:70)

2023-03-08 18:03:25,662 main ERROR Could not create plugin of type class org.apache.logging.log4j.core.appender.RollingFileAppender for element RollingFile: java.lang.IllegalStateException: ManagerFactory [org.apache.logging.log4j.core.appender.rolling.RollingFileManager$RollingFileManagerFactory@5ba88be8] unable to create manager for [C:\Users\emm12\OneDrive - UW\Winter Quarter 2023\CSE414\HW7\asterix-server-0.9.6-binary-assembly\apache-asterixdb-0.9.6\opt\local\logs\cc.log] with data [org.apache.logging.log4j.core.appender.rolling.RollingFileManager$FactoryData@56928307[pattern=C:\Users\emm12\OneDrive - UW\Winter Quarter 2023\CSE414\HW7\asterix-server-0.9.6-binary-assembly\apache-asterixdb-0.9.6\opt\local\logs\cc-%d{MM-dd-yy}.log.gz, append=true, bufferedIO=true, bufferSize=8192, policy=CompositeTriggeringPolicy(policies=[CronTriggeringPolicy(schedule=0 0 0 * * ?), SizeBasedTriggeringPolicy(size=52428800)]), strategy=DefaultRolloverStrategy(min=1, max=7, useMax=true), advertiseURI=null, layout=%d{HH:mm:ss.SSS} [%t] %-5level %logger{36} - %msg%n, filePermissions=null, fileOwner=null]] java.lang.IllegalStateException: ManagerFactory [org.apache.logging.log4j.core.appender.rolling.RollingFileManager$RollingFileManagerFactory@5ba88be8] unable to create manager for [C:\Users\emm12\OneDrive - UW\Winter Quarter 2023\CSE414\HW7\asterix-server-0.9.6-binary-assembly\apache-asterixdb-0.9.6\opt\local\logs\cc.log] with data [org.apache.logging.log4j.core.appender.rolling.RollingFileManager$FactoryData@56928307[pattern=C:\Users\emm12\OneDrive - UW\Winter Quarter 2023\CSE414\HW7\asterix-server-0.9.6-binary-assembly\apache-asterixdb-0.9.6\opt\local\logs\cc-%d{MM-dd-yy}.log.gz, append=true, bufferedIO=true, bufferSize=8192, policy=CompositeTriggeringPolicy(policies=[CronTriggeringPolicy(schedule=0 0 0 * * ?), SizeBasedTriggeringPolicy(size=52428800)]), strategy=DefaultRolloverStrategy(min=1, max=7, useMax=true), advertiseURI=null, layout=%d{HH:mm:ss.SSS} [%t] %-5level %logger{36} - %msg%n, filePermissions=null, fileOwner=null]]
	at org.apache.logging.log4j.core.appender.AbstractManager.getManager(AbstractManager.java:115)
	at org.apache.logging.log4j.core.appender.OutputStreamManager.getManager(OutputStreamManager.java:100)
	at org.apache.logging.log4j.core.appender.rolling.RollingFileManager.getFileManager(RollingFileManager.java:205)
	at org.apache.logging.log4j.core.appender.RollingFileAppender$Builder.build(RollingFileAppender.java:146)
	at org.apache.logging.log4j.core.appender.RollingFileAppender$Builder.build(RollingFileAppender.java:62)
	at org.apache.logging.log4j.core.config.plugins.util.PluginBuilder.build(PluginBuilder.java:122)
	at org.apache.logging.log4j.core.config.AbstractConfiguration.createPluginObject(AbstractConfiguration.java:1002)
	at org.apache.logging.log4j.core.config.AbstractConfiguration.createConfiguration(AbstractConfiguration.java:942)
	at org.apache.logging.log4j.core.config.AbstractConfiguration.createConfiguration(AbstractConfiguration.java:934)
	at org.apache.logging.log4j.core.config.AbstractConfiguration.doConfigure(AbstractConfiguration.java:552)
	at org.apache.logging.log4j.core.config.AbstractConfiguration.initialize(AbstractConfiguration.java:241)
	at org.apache.logging.log4j.core.config.builder.impl.DefaultConfigurationBuilder.build(DefaultConfigurationBuilder.java:205)
	at org.apache.logging.log4j.core.config.builder.impl.DefaultConfigurationBuilder.build(DefaultConfigurationBuilder.java:162)
	at org.apache.logging.log4j.core.config.builder.impl.DefaultConfigurationBuilder.build(DefaultConfigurationBuilder.java:58)
	at org.apache.hyracks.control.cc.CCLogConfigurationFactory.createConfiguration(CCLogConfigurationFactory.java:75)
	at org.apache.hyracks.control.cc.CCLogConfigurationFactory.getConfiguration(CCLogConfigurationFactory.java:87)
	at org.apache.hyracks.control.cc.CCLogConfigurationFactory.getConfiguration(CCLogConfigurationFactory.java:80)
	at org.apache.hyracks.control.cc.CCDriver.main(CCDriver.java:57)
	at java.base/jdk.internal.reflect.NativeMethodAccessorImpl.invoke0(Native Method)
	at java.base/jdk.internal.reflect.NativeMethodAccessorImpl.invoke(NativeMethodAccessorImpl.java:77)
	at java.base/jdk.internal.reflect.DelegatingMethodAccessorImpl.invoke(DelegatingMethodAccessorImpl.java:43)
	at java.base/java.lang.reflect.Method.invoke(Method.java:568)
	at org.codehaus.mojo.appassembler.booter.AppassemblerBooter.executeMain(AppassemblerBooter.java:238)
	at org.codehaus.mojo.appassembler.booter.AppassemblerBooter.main(AppassemblerBooter.java:70)

2023-03-08 18:03:25,664 main ERROR Unable to invoke factory method in class org.apache.logging.log4j.core.appender.RollingFileAppender for element RollingFile: java.lang.IllegalStateException: No factory method found for class org.apache.logging.log4j.core.appender.RollingFileAppender java.lang.IllegalStateException: No factory method found for class org.apache.logging.log4j.core.appender.RollingFileAppender
	at org.apache.logging.log4j.core.config.plugins.util.PluginBuilder.findFactoryMethod(PluginBuilder.java:234)
	at org.apache.logging.log4j.core.config.plugins.util.PluginBuilder.build(PluginBuilder.java:134)
	at org.apache.logging.log4j.core.config.AbstractConfiguration.createPluginObject(AbstractConfiguration.java:1002)
	at org.apache.logging.log4j.core.config.AbstractConfiguration.createConfiguration(AbstractConfiguration.java:942)
	at org.apache.logging.log4j.core.config.AbstractConfiguration.createConfiguration(AbstractConfiguration.java:934)
	at org.apache.logging.log4j.core.config.AbstractConfiguration.doConfigure(AbstractConfiguration.java:552)
	at org.apache.logging.log4j.core.config.AbstractConfiguration.initialize(AbstractConfiguration.java:241)
	at org.apache.logging.log4j.core.config.builder.impl.DefaultConfigurationBuilder.build(DefaultConfigurationBuilder.java:205)
	at org.apache.logging.log4j.core.config.builder.impl.DefaultConfigurationBuilder.build(DefaultConfigurationBuilder.java:162)
	at org.apache.logging.log4j.core.config.builder.impl.DefaultConfigurationBuilder.build(DefaultConfigurationBuilder.java:58)
	at org.apache.hyracks.control.cc.CCLogConfigurationFactory.createConfiguration(CCLogConfigurationFactory.java:75)
	at org.apache.hyracks.control.cc.CCLogConfigurationFactory.getConfiguration(CCLogConfigurationFactory.java:87)
	at org.apache.hyracks.control.cc.CCLogConfigurationFactory.getConfiguration(CCLogConfigurationFactory.java:80)
	at org.apache.hyracks.control.cc.CCDriver.main(CCDriver.java:57)
	at java.base/jdk.internal.reflect.NativeMethodAccessorImpl.invoke0(Native Method)
	at java.base/jdk.internal.reflect.NativeMethodAccessorImpl.invoke(NativeMethodAccessorImpl.java:77)
	at java.base/jdk.internal.reflect.DelegatingMethodAccessorImpl.invoke(DelegatingMethodAccessorImpl.java:43)
	at java.base/java.lang.reflect.Method.invoke(Method.java:568)
	at org.codehaus.mojo.appassembler.booter.AppassemblerBooter.executeMain(AppassemblerBooter.java:238)
	at org.codehaus.mojo.appassembler.booter.AppassemblerBooter.main(AppassemblerBooter.java:70)

2023-03-08 18:03:25,695 main ERROR Null object returned for RollingFile in Appenders.
2023-03-08 18:03:25,696 main ERROR Unable to locate appender "default" for logger config "root"
-------------------------- 
Thu 03/09/2023 12:02:33.41 
-------------------------- 
12:02:35.309 [main] WARN  org.apache.hyracks.control.cc.CCLogConfigurationFactory - logs are being redirected to: C:\Users\emm12\OneDrive - UW\Winter Quarter 2023\CSE414\HW7\asterix-server-0.9.6-binary-assembly\apache-asterixdb-0.9.6\opt\local\logs\cc.log
2023-03-09 12:02:35,356 main ERROR RollingFileManager (C:\Users\emm12\OneDrive - UW\Winter Quarter 2023\CSE414\HW7\asterix-server-0.9.6-binary-assembly\apache-asterixdb-0.9.6\opt\local\logs\cc.log) java.io.FileNotFoundException: C:\Users\emm12\OneDrive - UW\Winter Quarter 2023\CSE414\HW7\asterix-server-0.9.6-binary-assembly\apache-asterixdb-0.9.6\opt\local\logs\cc.log (The process cannot access the file because it is being used by another process) java.io.FileNotFoundException: C:\Users\emm12\OneDrive - UW\Winter Quarter 2023\CSE414\HW7\asterix-server-0.9.6-binary-assembly\apache-asterixdb-0.9.6\opt\local\logs\cc.log (The process cannot access the file because it is being used by another process)
	at java.base/java.io.FileOutputStream.open0(Native Method)
	at java.base/java.io.FileOutputStream.open(FileOutputStream.java:293)
	at java.base/java.io.FileOutputStream.<init>(FileOutputStream.java:235)
	at java.base/java.io.FileOutputStream.<init>(FileOutputStream.java:155)
	at org.apache.logging.log4j.core.appender.rolling.RollingFileManager$RollingFileManagerFactory.createManager(RollingFileManager.java:671)
	at org.apache.logging.log4j.core.appender.rolling.RollingFileManager$RollingFileManagerFactory.createManager(RollingFileManager.java:641)
	at org.apache.logging.log4j.core.appender.AbstractManager.getManager(AbstractManager.java:113)
	at org.apache.logging.log4j.core.appender.OutputStreamManager.getManager(OutputStreamManager.java:100)
	at org.apache.logging.log4j.core.appender.rolling.RollingFileManager.getFileManager(RollingFileManager.java:205)
	at org.apache.logging.log4j.core.appender.RollingFileAppender$Builder.build(RollingFileAppender.java:146)
	at org.apache.logging.log4j.core.appender.RollingFileAppender$Builder.build(RollingFileAppender.java:62)
	at org.apache.logging.log4j.core.config.plugins.util.PluginBuilder.build(PluginBuilder.java:122)
	at org.apache.logging.log4j.core.config.AbstractConfiguration.createPluginObject(AbstractConfiguration.java:1002)
	at org.apache.logging.log4j.core.config.AbstractConfiguration.createConfiguration(AbstractConfiguration.java:942)
	at org.apache.logging.log4j.core.config.AbstractConfiguration.createConfiguration(AbstractConfiguration.java:934)
	at org.apache.logging.log4j.core.config.AbstractConfiguration.doConfigure(AbstractConfiguration.java:552)
	at org.apache.logging.log4j.core.config.AbstractConfiguration.initialize(AbstractConfiguration.java:241)
	at org.apache.logging.log4j.core.config.builder.impl.DefaultConfigurationBuilder.build(DefaultConfigurationBuilder.java:205)
	at org.apache.logging.log4j.core.config.builder.impl.DefaultConfigurationBuilder.build(DefaultConfigurationBuilder.java:162)
	at org.apache.logging.log4j.core.config.builder.impl.DefaultConfigurationBuilder.build(DefaultConfigurationBuilder.java:58)
	at org.apache.hyracks.control.cc.CCLogConfigurationFactory.createConfiguration(CCLogConfigurationFactory.java:75)
	at org.apache.hyracks.control.cc.CCLogConfigurationFactory.getConfiguration(CCLogConfigurationFactory.java:87)
	at org.apache.hyracks.control.cc.CCLogConfigurationFactory.getConfiguration(CCLogConfigurationFactory.java:80)
	at org.apache.hyracks.control.cc.CCDriver.main(CCDriver.java:57)
	at java.base/jdk.internal.reflect.NativeMethodAccessorImpl.invoke0(Native Method)
	at java.base/jdk.internal.reflect.NativeMethodAccessorImpl.invoke(NativeMethodAccessorImpl.java:77)
	at java.base/jdk.internal.reflect.DelegatingMethodAccessorImpl.invoke(DelegatingMethodAccessorImpl.java:43)
	at java.base/java.lang.reflect.Method.invoke(Method.java:568)
	at org.codehaus.mojo.appassembler.booter.AppassemblerBooter.executeMain(AppassemblerBooter.java:238)
	at org.codehaus.mojo.appassembler.booter.AppassemblerBooter.main(AppassemblerBooter.java:70)

2023-03-09 12:02:35,356 main ERROR Could not create plugin of type class org.apache.logging.log4j.core.appender.RollingFileAppender for element RollingFile: java.lang.IllegalStateException: ManagerFactory [org.apache.logging.log4j.core.appender.rolling.RollingFileManager$RollingFileManagerFactory@5ba88be8] unable to create manager for [C:\Users\emm12\OneDrive - UW\Winter Quarter 2023\CSE414\HW7\asterix-server-0.9.6-binary-assembly\apache-asterixdb-0.9.6\opt\local\logs\cc.log] with data [org.apache.logging.log4j.core.appender.rolling.RollingFileManager$FactoryData@56928307[pattern=C:\Users\emm12\OneDrive - UW\Winter Quarter 2023\CSE414\HW7\asterix-server-0.9.6-binary-assembly\apache-asterixdb-0.9.6\opt\local\logs\cc-%d{MM-dd-yy}.log.gz, append=true, bufferedIO=true, bufferSize=8192, policy=CompositeTriggeringPolicy(policies=[CronTriggeringPolicy(schedule=0 0 0 * * ?), SizeBasedTriggeringPolicy(size=52428800)]), strategy=DefaultRolloverStrategy(min=1, max=7, useMax=true), advertiseURI=null, layout=%d{HH:mm:ss.SSS} [%t] %-5level %logger{36} - %msg%n, filePermissions=null, fileOwner=null]] java.lang.IllegalStateException: ManagerFactory [org.apache.logging.log4j.core.appender.rolling.RollingFileManager$RollingFileManagerFactory@5ba88be8] unable to create manager for [C:\Users\emm12\OneDrive - UW\Winter Quarter 2023\CSE414\HW7\asterix-server-0.9.6-binary-assembly\apache-asterixdb-0.9.6\opt\local\logs\cc.log] with data [org.apache.logging.log4j.core.appender.rolling.RollingFileManager$FactoryData@56928307[pattern=C:\Users\emm12\OneDrive - UW\Winter Quarter 2023\CSE414\HW7\asterix-server-0.9.6-binary-assembly\apache-asterixdb-0.9.6\opt\local\logs\cc-%d{MM-dd-yy}.log.gz, append=true, bufferedIO=true, bufferSize=8192, policy=CompositeTriggeringPolicy(policies=[CronTriggeringPolicy(schedule=0 0 0 * * ?), SizeBasedTriggeringPolicy(size=52428800)]), strategy=DefaultRolloverStrategy(min=1, max=7, useMax=true), advertiseURI=null, layout=%d{HH:mm:ss.SSS} [%t] %-5level %logger{36} - %msg%n, filePermissions=null, fileOwner=null]]
	at org.apache.logging.log4j.core.appender.AbstractManager.getManager(AbstractManager.java:115)
	at org.apache.logging.log4j.core.appender.OutputStreamManager.getManager(OutputStreamManager.java:100)
	at org.apache.logging.log4j.core.appender.rolling.RollingFileManager.getFileManager(RollingFileManager.java:205)
	at org.apache.logging.log4j.core.appender.RollingFileAppender$Builder.build(RollingFileAppender.java:146)
	at org.apache.logging.log4j.core.appender.RollingFileAppender$Builder.build(RollingFileAppender.java:62)
	at org.apache.logging.log4j.core.config.plugins.util.PluginBuilder.build(PluginBuilder.java:122)
	at org.apache.logging.log4j.core.config.AbstractConfiguration.createPluginObject(AbstractConfiguration.java:1002)
	at org.apache.logging.log4j.core.config.AbstractConfiguration.createConfiguration(AbstractConfiguration.java:942)
	at org.apache.logging.log4j.core.config.AbstractConfiguration.createConfiguration(AbstractConfiguration.java:934)
	at org.apache.logging.log4j.core.config.AbstractConfiguration.doConfigure(AbstractConfiguration.java:552)
	at org.apache.logging.log4j.core.config.AbstractConfiguration.initialize(AbstractConfiguration.java:241)
	at org.apache.logging.log4j.core.config.builder.impl.DefaultConfigurationBuilder.build(DefaultConfigurationBuilder.java:205)
	at org.apache.logging.log4j.core.config.builder.impl.DefaultConfigurationBuilder.build(DefaultConfigurationBuilder.java:162)
	at org.apache.logging.log4j.core.config.builder.impl.DefaultConfigurationBuilder.build(DefaultConfigurationBuilder.java:58)
	at org.apache.hyracks.control.cc.CCLogConfigurationFactory.createConfiguration(CCLogConfigurationFactory.java:75)
	at org.apache.hyracks.control.cc.CCLogConfigurationFactory.getConfiguration(CCLogConfigurationFactory.java:87)
	at org.apache.hyracks.control.cc.CCLogConfigurationFactory.getConfiguration(CCLogConfigurationFactory.java:80)
	at org.apache.hyracks.control.cc.CCDriver.main(CCDriver.java:57)
	at java.base/jdk.internal.reflect.NativeMethodAccessorImpl.invoke0(Native Method)
	at java.base/jdk.internal.reflect.NativeMethodAccessorImpl.invoke(NativeMethodAccessorImpl.java:77)
	at java.base/jdk.internal.reflect.DelegatingMethodAccessorImpl.invoke(DelegatingMethodAccessorImpl.java:43)
	at java.base/java.lang.reflect.Method.invoke(Method.java:568)
	at org.codehaus.mojo.appassembler.booter.AppassemblerBooter.executeMain(AppassemblerBooter.java:238)
	at org.codehaus.mojo.appassembler.booter.AppassemblerBooter.main(AppassemblerBooter.java:70)

2023-03-09 12:02:35,356 main ERROR Unable to invoke factory method in class org.apache.logging.log4j.core.appender.RollingFileAppender for element RollingFile: java.lang.IllegalStateException: No factory method found for class org.apache.logging.log4j.core.appender.RollingFileAppender java.lang.IllegalStateException: No factory method found for class org.apache.logging.log4j.core.appender.RollingFileAppender
	at org.apache.logging.log4j.core.config.plugins.util.PluginBuilder.findFactoryMethod(PluginBuilder.java:234)
	at org.apache.logging.log4j.core.config.plugins.util.PluginBuilder.build(PluginBuilder.java:134)
	at org.apache.logging.log4j.core.config.AbstractConfiguration.createPluginObject(AbstractConfiguration.java:1002)
	at org.apache.logging.log4j.core.config.AbstractConfiguration.createConfiguration(AbstractConfiguration.java:942)
	at org.apache.logging.log4j.core.config.AbstractConfiguration.createConfiguration(AbstractConfiguration.java:934)
	at org.apache.logging.log4j.core.config.AbstractConfiguration.doConfigure(AbstractConfiguration.java:552)
	at org.apache.logging.log4j.core.config.AbstractConfiguration.initialize(AbstractConfiguration.java:241)
	at org.apache.logging.log4j.core.config.builder.impl.DefaultConfigurationBuilder.build(DefaultConfigurationBuilder.java:205)
	at org.apache.logging.log4j.core.config.builder.impl.DefaultConfigurationBuilder.build(DefaultConfigurationBuilder.java:162)
	at org.apache.logging.log4j.core.config.builder.impl.DefaultConfigurationBuilder.build(DefaultConfigurationBuilder.java:58)
	at org.apache.hyracks.control.cc.CCLogConfigurationFactory.createConfiguration(CCLogConfigurationFactory.java:75)
	at org.apache.hyracks.control.cc.CCLogConfigurationFactory.getConfiguration(CCLogConfigurationFactory.java:87)
	at org.apache.hyracks.control.cc.CCLogConfigurationFactory.getConfiguration(CCLogConfigurationFactory.java:80)
	at org.apache.hyracks.control.cc.CCDriver.main(CCDriver.java:57)
	at java.base/jdk.internal.reflect.NativeMethodAccessorImpl.invoke0(Native Method)
	at java.base/jdk.internal.reflect.NativeMethodAccessorImpl.invoke(NativeMethodAccessorImpl.java:77)
	at java.base/jdk.internal.reflect.DelegatingMethodAccessorImpl.invoke(DelegatingMethodAccessorImpl.java:43)
	at java.base/java.lang.reflect.Method.invoke(Method.java:568)
	at org.codehaus.mojo.appassembler.booter.AppassemblerBooter.executeMain(AppassemblerBooter.java:238)
	at org.codehaus.mojo.appassembler.booter.AppassemblerBooter.main(AppassemblerBooter.java:70)

2023-03-09 12:02:35,387 main ERROR Null object returned for RollingFile in Appenders.
2023-03-09 12:02:35,387 main ERROR Unable to locate appender "default" for logger config "root"
-------------------------- 
Sat 03/11/2023 14:48:20.65 
-------------------------- 
14:48:22.635 [main] WARN  org.apache.hyracks.control.cc.CCLogConfigurationFactory - logs are being redirected to: C:\Users\emm12\OneDrive - UW\Winter Quarter 2023\CSE414\HW7\asterix-server-0.9.6-binary-assembly\apache-asterixdb-0.9.6\opt\local\logs\cc.log
2023-03-11 14:48:22,669 main ERROR RollingFileManager (C:\Users\emm12\OneDrive - UW\Winter Quarter 2023\CSE414\HW7\asterix-server-0.9.6-binary-assembly\apache-asterixdb-0.9.6\opt\local\logs\cc.log) java.io.FileNotFoundException: C:\Users\emm12\OneDrive - UW\Winter Quarter 2023\CSE414\HW7\asterix-server-0.9.6-binary-assembly\apache-asterixdb-0.9.6\opt\local\logs\cc.log (The process cannot access the file because it is being used by another process) java.io.FileNotFoundException: C:\Users\emm12\OneDrive - UW\Winter Quarter 2023\CSE414\HW7\asterix-server-0.9.6-binary-assembly\apache-asterixdb-0.9.6\opt\local\logs\cc.log (The process cannot access the file because it is being used by another process)
	at java.base/java.io.FileOutputStream.open0(Native Method)
	at java.base/java.io.FileOutputStream.open(FileOutputStream.java:293)
	at java.base/java.io.FileOutputStream.<init>(FileOutputStream.java:235)
	at java.base/java.io.FileOutputStream.<init>(FileOutputStream.java:155)
	at org.apache.logging.log4j.core.appender.rolling.RollingFileManager$RollingFileManagerFactory.createManager(RollingFileManager.java:671)
	at org.apache.logging.log4j.core.appender.rolling.RollingFileManager$RollingFileManagerFactory.createManager(RollingFileManager.java:641)
	at org.apache.logging.log4j.core.appender.AbstractManager.getManager(AbstractManager.java:113)
	at org.apache.logging.log4j.core.appender.OutputStreamManager.getManager(OutputStreamManager.java:100)
	at org.apache.logging.log4j.core.appender.rolling.RollingFileManager.getFileManager(RollingFileManager.java:205)
	at org.apache.logging.log4j.core.appender.RollingFileAppender$Builder.build(RollingFileAppender.java:146)
	at org.apache.logging.log4j.core.appender.RollingFileAppender$Builder.build(RollingFileAppender.java:62)
	at org.apache.logging.log4j.core.config.plugins.util.PluginBuilder.build(PluginBuilder.java:122)
	at org.apache.logging.log4j.core.config.AbstractConfiguration.createPluginObject(AbstractConfiguration.java:1002)
	at org.apache.logging.log4j.core.config.AbstractConfiguration.createConfiguration(AbstractConfiguration.java:942)
	at org.apache.logging.log4j.core.config.AbstractConfiguration.createConfiguration(AbstractConfiguration.java:934)
	at org.apache.logging.log4j.core.config.AbstractConfiguration.doConfigure(AbstractConfiguration.java:552)
	at org.apache.logging.log4j.core.config.AbstractConfiguration.initialize(AbstractConfiguration.java:241)
	at org.apache.logging.log4j.core.config.builder.impl.DefaultConfigurationBuilder.build(DefaultConfigurationBuilder.java:205)
	at org.apache.logging.log4j.core.config.builder.impl.DefaultConfigurationBuilder.build(DefaultConfigurationBuilder.java:162)
	at org.apache.logging.log4j.core.config.builder.impl.DefaultConfigurationBuilder.build(DefaultConfigurationBuilder.java:58)
	at org.apache.hyracks.control.cc.CCLogConfigurationFactory.createConfiguration(CCLogConfigurationFactory.java:75)
	at org.apache.hyracks.control.cc.CCLogConfigurationFactory.getConfiguration(CCLogConfigurationFactory.java:87)
	at org.apache.hyracks.control.cc.CCLogConfigurationFactory.getConfiguration(CCLogConfigurationFactory.java:80)
	at org.apache.hyracks.control.cc.CCDriver.main(CCDriver.java:57)
	at java.base/jdk.internal.reflect.NativeMethodAccessorImpl.invoke0(Native Method)
	at java.base/jdk.internal.reflect.NativeMethodAccessorImpl.invoke(NativeMethodAccessorImpl.java:77)
	at java.base/jdk.internal.reflect.DelegatingMethodAccessorImpl.invoke(DelegatingMethodAccessorImpl.java:43)
	at java.base/java.lang.reflect.Method.invoke(Method.java:568)
	at org.codehaus.mojo.appassembler.booter.AppassemblerBooter.executeMain(AppassemblerBooter.java:238)
	at org.codehaus.mojo.appassembler.booter.AppassemblerBooter.main(AppassemblerBooter.java:70)

2023-03-11 14:48:22,675 main ERROR Could not create plugin of type class org.apache.logging.log4j.core.appender.RollingFileAppender for element RollingFile: java.lang.IllegalStateException: ManagerFactory [org.apache.logging.log4j.core.appender.rolling.RollingFileManager$RollingFileManagerFactory@5ba88be8] unable to create manager for [C:\Users\emm12\OneDrive - UW\Winter Quarter 2023\CSE414\HW7\asterix-server-0.9.6-binary-assembly\apache-asterixdb-0.9.6\opt\local\logs\cc.log] with data [org.apache.logging.log4j.core.appender.rolling.RollingFileManager$FactoryData@56928307[pattern=C:\Users\emm12\OneDrive - UW\Winter Quarter 2023\CSE414\HW7\asterix-server-0.9.6-binary-assembly\apache-asterixdb-0.9.6\opt\local\logs\cc-%d{MM-dd-yy}.log.gz, append=true, bufferedIO=true, bufferSize=8192, policy=CompositeTriggeringPolicy(policies=[CronTriggeringPolicy(schedule=0 0 0 * * ?), SizeBasedTriggeringPolicy(size=52428800)]), strategy=DefaultRolloverStrategy(min=1, max=7, useMax=true), advertiseURI=null, layout=%d{HH:mm:ss.SSS} [%t] %-5level %logger{36} - %msg%n, filePermissions=null, fileOwner=null]] java.lang.IllegalStateException: ManagerFactory [org.apache.logging.log4j.core.appender.rolling.RollingFileManager$RollingFileManagerFactory@5ba88be8] unable to create manager for [C:\Users\emm12\OneDrive - UW\Winter Quarter 2023\CSE414\HW7\asterix-server-0.9.6-binary-assembly\apache-asterixdb-0.9.6\opt\local\logs\cc.log] with data [org.apache.logging.log4j.core.appender.rolling.RollingFileManager$FactoryData@56928307[pattern=C:\Users\emm12\OneDrive - UW\Winter Quarter 2023\CSE414\HW7\asterix-server-0.9.6-binary-assembly\apache-asterixdb-0.9.6\opt\local\logs\cc-%d{MM-dd-yy}.log.gz, append=true, bufferedIO=true, bufferSize=8192, policy=CompositeTriggeringPolicy(policies=[CronTriggeringPolicy(schedule=0 0 0 * * ?), SizeBasedTriggeringPolicy(size=52428800)]), strategy=DefaultRolloverStrategy(min=1, max=7, useMax=true), advertiseURI=null, layout=%d{HH:mm:ss.SSS} [%t] %-5level %logger{36} - %msg%n, filePermissions=null, fileOwner=null]]
	at org.apache.logging.log4j.core.appender.AbstractManager.getManager(AbstractManager.java:115)
	at org.apache.logging.log4j.core.appender.OutputStreamManager.getManager(OutputStreamManager.java:100)
	at org.apache.logging.log4j.core.appender.rolling.RollingFileManager.getFileManager(RollingFileManager.java:205)
	at org.apache.logging.log4j.core.appender.RollingFileAppender$Builder.build(RollingFileAppender.java:146)
	at org.apache.logging.log4j.core.appender.RollingFileAppender$Builder.build(RollingFileAppender.java:62)
	at org.apache.logging.log4j.core.config.plugins.util.PluginBuilder.build(PluginBuilder.java:122)
	at org.apache.logging.log4j.core.config.AbstractConfiguration.createPluginObject(AbstractConfiguration.java:1002)
	at org.apache.logging.log4j.core.config.AbstractConfiguration.createConfiguration(AbstractConfiguration.java:942)
	at org.apache.logging.log4j.core.config.AbstractConfiguration.createConfiguration(AbstractConfiguration.java:934)
	at org.apache.logging.log4j.core.config.AbstractConfiguration.doConfigure(AbstractConfiguration.java:552)
	at org.apache.logging.log4j.core.config.AbstractConfiguration.initialize(AbstractConfiguration.java:241)
	at org.apache.logging.log4j.core.config.builder.impl.DefaultConfigurationBuilder.build(DefaultConfigurationBuilder.java:205)
	at org.apache.logging.log4j.core.config.builder.impl.DefaultConfigurationBuilder.build(DefaultConfigurationBuilder.java:162)
	at org.apache.logging.log4j.core.config.builder.impl.DefaultConfigurationBuilder.build(DefaultConfigurationBuilder.java:58)
	at org.apache.hyracks.control.cc.CCLogConfigurationFactory.createConfiguration(CCLogConfigurationFactory.java:75)
	at org.apache.hyracks.control.cc.CCLogConfigurationFactory.getConfiguration(CCLogConfigurationFactory.java:87)
	at org.apache.hyracks.control.cc.CCLogConfigurationFactory.getConfiguration(CCLogConfigurationFactory.java:80)
	at org.apache.hyracks.control.cc.CCDriver.main(CCDriver.java:57)
	at java.base/jdk.internal.reflect.NativeMethodAccessorImpl.invoke0(Native Method)
	at java.base/jdk.internal.reflect.NativeMethodAccessorImpl.invoke(NativeMethodAccessorImpl.java:77)
	at java.base/jdk.internal.reflect.DelegatingMethodAccessorImpl.invoke(DelegatingMethodAccessorImpl.java:43)
	at java.base/java.lang.reflect.Method.invoke(Method.java:568)
	at org.codehaus.mojo.appassembler.booter.AppassemblerBooter.executeMain(AppassemblerBooter.java:238)
	at org.codehaus.mojo.appassembler.booter.AppassemblerBooter.main(AppassemblerBooter.java:70)

2023-03-11 14:48:22,678 main ERROR Unable to invoke factory method in class org.apache.logging.log4j.core.appender.RollingFileAppender for element RollingFile: java.lang.IllegalStateException: No factory method found for class org.apache.logging.log4j.core.appender.RollingFileAppender java.lang.IllegalStateException: No factory method found for class org.apache.logging.log4j.core.appender.RollingFileAppender
	at org.apache.logging.log4j.core.config.plugins.util.PluginBuilder.findFactoryMethod(PluginBuilder.java:234)
	at org.apache.logging.log4j.core.config.plugins.util.PluginBuilder.build(PluginBuilder.java:134)
	at org.apache.logging.log4j.core.config.AbstractConfiguration.createPluginObject(AbstractConfiguration.java:1002)
	at org.apache.logging.log4j.core.config.AbstractConfiguration.createConfiguration(AbstractConfiguration.java:942)
	at org.apache.logging.log4j.core.config.AbstractConfiguration.createConfiguration(AbstractConfiguration.java:934)
	at org.apache.logging.log4j.core.config.AbstractConfiguration.doConfigure(AbstractConfiguration.java:552)
	at org.apache.logging.log4j.core.config.AbstractConfiguration.initialize(AbstractConfiguration.java:241)
	at org.apache.logging.log4j.core.config.builder.impl.DefaultConfigurationBuilder.build(DefaultConfigurationBuilder.java:205)
	at org.apache.logging.log4j.core.config.builder.impl.DefaultConfigurationBuilder.build(DefaultConfigurationBuilder.java:162)
	at org.apache.logging.log4j.core.config.builder.impl.DefaultConfigurationBuilder.build(DefaultConfigurationBuilder.java:58)
	at org.apache.hyracks.control.cc.CCLogConfigurationFactory.createConfiguration(CCLogConfigurationFactory.java:75)
	at org.apache.hyracks.control.cc.CCLogConfigurationFactory.getConfiguration(CCLogConfigurationFactory.java:87)
	at org.apache.hyracks.control.cc.CCLogConfigurationFactory.getConfiguration(CCLogConfigurationFactory.java:80)
	at org.apache.hyracks.control.cc.CCDriver.main(CCDriver.java:57)
	at java.base/jdk.internal.reflect.NativeMethodAccessorImpl.invoke0(Native Method)
	at java.base/jdk.internal.reflect.NativeMethodAccessorImpl.invoke(NativeMethodAccessorImpl.java:77)
	at java.base/jdk.internal.reflect.DelegatingMethodAccessorImpl.invoke(DelegatingMethodAccessorImpl.java:43)
	at java.base/java.lang.reflect.Method.invoke(Method.java:568)
	at org.codehaus.mojo.appassembler.booter.AppassemblerBooter.executeMain(AppassemblerBooter.java:238)
	at org.codehaus.mojo.appassembler.booter.AppassemblerBooter.main(AppassemblerBooter.java:70)

2023-03-11 14:48:22,707 main ERROR Null object returned for RollingFile in Appenders.
2023-03-11 14:48:22,707 main ERROR Unable to locate appender "default" for logger config "root"
^C-------------------------- 
Sun 03/12/2023 18:38:39.80 
-------------------------- 
18:38:42.046 [main] WARN  org.apache.hyracks.control.cc.CCLogConfigurationFactory - logs are being redirected to: C:\Users\emm12\OneDrive - UW\Winter Quarter 2023\CSE414\HW7\asterix-server-0.9.6-binary-assembly\apache-asterixdb-0.9.6\opt\local\logs\cc.log
2023-03-12 18:38:42,099 main ERROR RollingFileManager (C:\Users\emm12\OneDrive - UW\Winter Quarter 2023\CSE414\HW7\asterix-server-0.9.6-binary-assembly\apache-asterixdb-0.9.6\opt\local\logs\cc.log) java.io.FileNotFoundException: C:\Users\emm12\OneDrive - UW\Winter Quarter 2023\CSE414\HW7\asterix-server-0.9.6-binary-assembly\apache-asterixdb-0.9.6\opt\local\logs\cc.log (The process cannot access the file because it is being used by another process) java.io.FileNotFoundException: C:\Users\emm12\OneDrive - UW\Winter Quarter 2023\CSE414\HW7\asterix-server-0.9.6-binary-assembly\apache-asterixdb-0.9.6\opt\local\logs\cc.log (The process cannot access the file because it is being used by another process)
	at java.base/java.io.FileOutputStream.open0(Native Method)
	at java.base/java.io.FileOutputStream.open(FileOutputStream.java:293)
	at java.base/java.io.FileOutputStream.<init>(FileOutputStream.java:235)
	at java.base/java.io.FileOutputStream.<init>(FileOutputStream.java:155)
	at org.apache.logging.log4j.core.appender.rolling.RollingFileManager$RollingFileManagerFactory.createManager(RollingFileManager.java:671)
	at org.apache.logging.log4j.core.appender.rolling.RollingFileManager$RollingFileManagerFactory.createManager(RollingFileManager.java:641)
	at org.apache.logging.log4j.core.appender.AbstractManager.getManager(AbstractManager.java:113)
	at org.apache.logging.log4j.core.appender.OutputStreamManager.getManager(OutputStreamManager.java:100)
	at org.apache.logging.log4j.core.appender.rolling.RollingFileManager.getFileManager(RollingFileManager.java:205)
	at org.apache.logging.log4j.core.appender.RollingFileAppender$Builder.build(RollingFileAppender.java:146)
	at org.apache.logging.log4j.core.appender.RollingFileAppender$Builder.build(RollingFileAppender.java:62)
	at org.apache.logging.log4j.core.config.plugins.util.PluginBuilder.build(PluginBuilder.java:122)
	at org.apache.logging.log4j.core.config.AbstractConfiguration.createPluginObject(AbstractConfiguration.java:1002)
	at org.apache.logging.log4j.core.config.AbstractConfiguration.createConfiguration(AbstractConfiguration.java:942)
	at org.apache.logging.log4j.core.config.AbstractConfiguration.createConfiguration(AbstractConfiguration.java:934)
	at org.apache.logging.log4j.core.config.AbstractConfiguration.doConfigure(AbstractConfiguration.java:552)
	at org.apache.logging.log4j.core.config.AbstractConfiguration.initialize(AbstractConfiguration.java:241)
	at org.apache.logging.log4j.core.config.builder.impl.DefaultConfigurationBuilder.build(DefaultConfigurationBuilder.java:205)
	at org.apache.logging.log4j.core.config.builder.impl.DefaultConfigurationBuilder.build(DefaultConfigurationBuilder.java:162)
	at org.apache.logging.log4j.core.config.builder.impl.DefaultConfigurationBuilder.build(DefaultConfigurationBuilder.java:58)
	at org.apache.hyracks.control.cc.CCLogConfigurationFactory.createConfiguration(CCLogConfigurationFactory.java:75)
	at org.apache.hyracks.control.cc.CCLogConfigurationFactory.getConfiguration(CCLogConfigurationFactory.java:87)
	at org.apache.hyracks.control.cc.CCLogConfigurationFactory.getConfiguration(CCLogConfigurationFactory.java:80)
	at org.apache.hyracks.control.cc.CCDriver.main(CCDriver.java:57)
	at java.base/jdk.internal.reflect.NativeMethodAccessorImpl.invoke0(Native Method)
	at java.base/jdk.internal.reflect.NativeMethodAccessorImpl.invoke(NativeMethodAccessorImpl.java:77)
	at java.base/jdk.internal.reflect.DelegatingMethodAccessorImpl.invoke(DelegatingMethodAccessorImpl.java:43)
	at java.base/java.lang.reflect.Method.invoke(Method.java:568)
	at org.codehaus.mojo.appassembler.booter.AppassemblerBooter.executeMain(AppassemblerBooter.java:238)
	at org.codehaus.mojo.appassembler.booter.AppassemblerBooter.main(AppassemblerBooter.java:70)

2023-03-12 18:38:42,106 main ERROR Could not create plugin of type class org.apache.logging.log4j.core.appender.RollingFileAppender for element RollingFile: java.lang.IllegalStateException: ManagerFactory [org.apache.logging.log4j.core.appender.rolling.RollingFileManager$RollingFileManagerFactory@5ba88be8] unable to create manager for [C:\Users\emm12\OneDrive - UW\Winter Quarter 2023\CSE414\HW7\asterix-server-0.9.6-binary-assembly\apache-asterixdb-0.9.6\opt\local\logs\cc.log] with data [org.apache.logging.log4j.core.appender.rolling.RollingFileManager$FactoryData@56928307[pattern=C:\Users\emm12\OneDrive - UW\Winter Quarter 2023\CSE414\HW7\asterix-server-0.9.6-binary-assembly\apache-asterixdb-0.9.6\opt\local\logs\cc-%d{MM-dd-yy}.log.gz, append=true, bufferedIO=true, bufferSize=8192, policy=CompositeTriggeringPolicy(policies=[CronTriggeringPolicy(schedule=0 0 0 * * ?), SizeBasedTriggeringPolicy(size=52428800)]), strategy=DefaultRolloverStrategy(min=1, max=7, useMax=true), advertiseURI=null, layout=%d{HH:mm:ss.SSS} [%t] %-5level %logger{36} - %msg%n, filePermissions=null, fileOwner=null]] java.lang.IllegalStateException: ManagerFactory [org.apache.logging.log4j.core.appender.rolling.RollingFileManager$RollingFileManagerFactory@5ba88be8] unable to create manager for [C:\Users\emm12\OneDrive - UW\Winter Quarter 2023\CSE414\HW7\asterix-server-0.9.6-binary-assembly\apache-asterixdb-0.9.6\opt\local\logs\cc.log] with data [org.apache.logging.log4j.core.appender.rolling.RollingFileManager$FactoryData@56928307[pattern=C:\Users\emm12\OneDrive - UW\Winter Quarter 2023\CSE414\HW7\asterix-server-0.9.6-binary-assembly\apache-asterixdb-0.9.6\opt\local\logs\cc-%d{MM-dd-yy}.log.gz, append=true, bufferedIO=true, bufferSize=8192, policy=CompositeTriggeringPolicy(policies=[CronTriggeringPolicy(schedule=0 0 0 * * ?), SizeBasedTriggeringPolicy(size=52428800)]), strategy=DefaultRolloverStrategy(min=1, max=7, useMax=true), advertiseURI=null, layout=%d{HH:mm:ss.SSS} [%t] %-5level %logger{36} - %msg%n, filePermissions=null, fileOwner=null]]
	at org.apache.logging.log4j.core.appender.AbstractManager.getManager(AbstractManager.java:115)
	at org.apache.logging.log4j.core.appender.OutputStreamManager.getManager(OutputStreamManager.java:100)
	at org.apache.logging.log4j.core.appender.rolling.RollingFileManager.getFileManager(RollingFileManager.java:205)
	at org.apache.logging.log4j.core.appender.RollingFileAppender$Builder.build(RollingFileAppender.java:146)
	at org.apache.logging.log4j.core.appender.RollingFileAppender$Builder.build(RollingFileAppender.java:62)
	at org.apache.logging.log4j.core.config.plugins.util.PluginBuilder.build(PluginBuilder.java:122)
	at org.apache.logging.log4j.core.config.AbstractConfiguration.createPluginObject(AbstractConfiguration.java:1002)
	at org.apache.logging.log4j.core.config.AbstractConfiguration.createConfiguration(AbstractConfiguration.java:942)
	at org.apache.logging.log4j.core.config.AbstractConfiguration.createConfiguration(AbstractConfiguration.java:934)
	at org.apache.logging.log4j.core.config.AbstractConfiguration.doConfigure(AbstractConfiguration.java:552)
	at org.apache.logging.log4j.core.config.AbstractConfiguration.initialize(AbstractConfiguration.java:241)
	at org.apache.logging.log4j.core.config.builder.impl.DefaultConfigurationBuilder.build(DefaultConfigurationBuilder.java:205)
	at org.apache.logging.log4j.core.config.builder.impl.DefaultConfigurationBuilder.build(DefaultConfigurationBuilder.java:162)
	at org.apache.logging.log4j.core.config.builder.impl.DefaultConfigurationBuilder.build(DefaultConfigurationBuilder.java:58)
	at org.apache.hyracks.control.cc.CCLogConfigurationFactory.createConfiguration(CCLogConfigurationFactory.java:75)
	at org.apache.hyracks.control.cc.CCLogConfigurationFactory.getConfiguration(CCLogConfigurationFactory.java:87)
	at org.apache.hyracks.control.cc.CCLogConfigurationFactory.getConfiguration(CCLogConfigurationFactory.java:80)
	at org.apache.hyracks.control.cc.CCDriver.main(CCDriver.java:57)
	at java.base/jdk.internal.reflect.NativeMethodAccessorImpl.invoke0(Native Method)
	at java.base/jdk.internal.reflect.NativeMethodAccessorImpl.invoke(NativeMethodAccessorImpl.java:77)
	at java.base/jdk.internal.reflect.DelegatingMethodAccessorImpl.invoke(DelegatingMethodAccessorImpl.java:43)
	at java.base/java.lang.reflect.Method.invoke(Method.java:568)
	at org.codehaus.mojo.appassembler.booter.AppassemblerBooter.executeMain(AppassemblerBooter.java:238)
	at org.codehaus.mojo.appassembler.booter.AppassemblerBooter.main(AppassemblerBooter.java:70)

2023-03-12 18:38:42,108 main ERROR Unable to invoke factory method in class org.apache.logging.log4j.core.appender.RollingFileAppender for element RollingFile: java.lang.IllegalStateException: No factory method found for class org.apache.logging.log4j.core.appender.RollingFileAppender java.lang.IllegalStateException: No factory method found for class org.apache.logging.log4j.core.appender.RollingFileAppender
	at org.apache.logging.log4j.core.config.plugins.util.PluginBuilder.findFactoryMethod(PluginBuilder.java:234)
	at org.apache.logging.log4j.core.config.plugins.util.PluginBuilder.build(PluginBuilder.java:134)
	at org.apache.logging.log4j.core.config.AbstractConfiguration.createPluginObject(AbstractConfiguration.java:1002)
	at org.apache.logging.log4j.core.config.AbstractConfiguration.createConfiguration(AbstractConfiguration.java:942)
	at org.apache.logging.log4j.core.config.AbstractConfiguration.createConfiguration(AbstractConfiguration.java:934)
	at org.apache.logging.log4j.core.config.AbstractConfiguration.doConfigure(AbstractConfiguration.java:552)
	at org.apache.logging.log4j.core.config.AbstractConfiguration.initialize(AbstractConfiguration.java:241)
	at org.apache.logging.log4j.core.config.builder.impl.DefaultConfigurationBuilder.build(DefaultConfigurationBuilder.java:205)
	at org.apache.logging.log4j.core.config.builder.impl.DefaultConfigurationBuilder.build(DefaultConfigurationBuilder.java:162)
	at org.apache.logging.log4j.core.config.builder.impl.DefaultConfigurationBuilder.build(DefaultConfigurationBuilder.java:58)
	at org.apache.hyracks.control.cc.CCLogConfigurationFactory.createConfiguration(CCLogConfigurationFactory.java:75)
	at org.apache.hyracks.control.cc.CCLogConfigurationFactory.getConfiguration(CCLogConfigurationFactory.java:87)
	at org.apache.hyracks.control.cc.CCLogConfigurationFactory.getConfiguration(CCLogConfigurationFactory.java:80)
	at org.apache.hyracks.control.cc.CCDriver.main(CCDriver.java:57)
	at java.base/jdk.internal.reflect.NativeMethodAccessorImpl.invoke0(Native Method)
	at java.base/jdk.internal.reflect.NativeMethodAccessorImpl.invoke(NativeMethodAccessorImpl.java:77)
	at java.base/jdk.internal.reflect.DelegatingMethodAccessorImpl.invoke(DelegatingMethodAccessorImpl.java:43)
	at java.base/java.lang.reflect.Method.invoke(Method.java:568)
	at org.codehaus.mojo.appassembler.booter.AppassemblerBooter.executeMain(AppassemblerBooter.java:238)
	at org.codehaus.mojo.appassembler.booter.AppassemblerBooter.main(AppassemblerBooter.java:70)

2023-03-12 18:38:42,148 main ERROR Null object returned for RollingFile in Appenders.
2023-03-12 18:38:42,149 main ERROR Unable to locate appender "default" for logger config "root"
-------------------------- 
Mon 03/13/2023 15:49:40.94 
-------------------------- 
15:49:43.763 [main] WARN  org.apache.hyracks.control.cc.CCLogConfigurationFactory - logs are being redirected to: C:\Users\emm12\OneDrive - UW\Winter Quarter 2023\CSE414\HW7\asterix-server-0.9.6-binary-assembly\apache-asterixdb-0.9.6\opt\local\logs\cc.log
2023-03-13 15:49:43,803 main ERROR RollingFileManager (C:\Users\emm12\OneDrive - UW\Winter Quarter 2023\CSE414\HW7\asterix-server-0.9.6-binary-assembly\apache-asterixdb-0.9.6\opt\local\logs\cc.log) java.io.FileNotFoundException: C:\Users\emm12\OneDrive - UW\Winter Quarter 2023\CSE414\HW7\asterix-server-0.9.6-binary-assembly\apache-asterixdb-0.9.6\opt\local\logs\cc.log (The process cannot access the file because it is being used by another process) java.io.FileNotFoundException: C:\Users\emm12\OneDrive - UW\Winter Quarter 2023\CSE414\HW7\asterix-server-0.9.6-binary-assembly\apache-asterixdb-0.9.6\opt\local\logs\cc.log (The process cannot access the file because it is being used by another process)
	at java.base/java.io.FileOutputStream.open0(Native Method)
	at java.base/java.io.FileOutputStream.open(FileOutputStream.java:293)
	at java.base/java.io.FileOutputStream.<init>(FileOutputStream.java:235)
	at java.base/java.io.FileOutputStream.<init>(FileOutputStream.java:155)
	at org.apache.logging.log4j.core.appender.rolling.RollingFileManager$RollingFileManagerFactory.createManager(RollingFileManager.java:671)
	at org.apache.logging.log4j.core.appender.rolling.RollingFileManager$RollingFileManagerFactory.createManager(RollingFileManager.java:641)
	at org.apache.logging.log4j.core.appender.AbstractManager.getManager(AbstractManager.java:113)
	at org.apache.logging.log4j.core.appender.OutputStreamManager.getManager(OutputStreamManager.java:100)
	at org.apache.logging.log4j.core.appender.rolling.RollingFileManager.getFileManager(RollingFileManager.java:205)
	at org.apache.logging.log4j.core.appender.RollingFileAppender$Builder.build(RollingFileAppender.java:146)
	at org.apache.logging.log4j.core.appender.RollingFileAppender$Builder.build(RollingFileAppender.java:62)
	at org.apache.logging.log4j.core.config.plugins.util.PluginBuilder.build(PluginBuilder.java:122)
	at org.apache.logging.log4j.core.config.AbstractConfiguration.createPluginObject(AbstractConfiguration.java:1002)
	at org.apache.logging.log4j.core.config.AbstractConfiguration.createConfiguration(AbstractConfiguration.java:942)
	at org.apache.logging.log4j.core.config.AbstractConfiguration.createConfiguration(AbstractConfiguration.java:934)
	at org.apache.logging.log4j.core.config.AbstractConfiguration.doConfigure(AbstractConfiguration.java:552)
	at org.apache.logging.log4j.core.config.AbstractConfiguration.initialize(AbstractConfiguration.java:241)
	at org.apache.logging.log4j.core.config.builder.impl.DefaultConfigurationBuilder.build(DefaultConfigurationBuilder.java:205)
	at org.apache.logging.log4j.core.config.builder.impl.DefaultConfigurationBuilder.build(DefaultConfigurationBuilder.java:162)
	at org.apache.logging.log4j.core.config.builder.impl.DefaultConfigurationBuilder.build(DefaultConfigurationBuilder.java:58)
	at org.apache.hyracks.control.cc.CCLogConfigurationFactory.createConfiguration(CCLogConfigurationFactory.java:75)
	at org.apache.hyracks.control.cc.CCLogConfigurationFactory.getConfiguration(CCLogConfigurationFactory.java:87)
	at org.apache.hyracks.control.cc.CCLogConfigurationFactory.getConfiguration(CCLogConfigurationFactory.java:80)
	at org.apache.hyracks.control.cc.CCDriver.main(CCDriver.java:57)
	at java.base/jdk.internal.reflect.NativeMethodAccessorImpl.invoke0(Native Method)
	at java.base/jdk.internal.reflect.NativeMethodAccessorImpl.invoke(NativeMethodAccessorImpl.java:77)
	at java.base/jdk.internal.reflect.DelegatingMethodAccessorImpl.invoke(DelegatingMethodAccessorImpl.java:43)
	at java.base/java.lang.reflect.Method.invoke(Method.java:568)
	at org.codehaus.mojo.appassembler.booter.AppassemblerBooter.executeMain(AppassemblerBooter.java:238)
	at org.codehaus.mojo.appassembler.booter.AppassemblerBooter.main(AppassemblerBooter.java:70)

2023-03-13 15:49:43,803 main ERROR Could not create plugin of type class org.apache.logging.log4j.core.appender.RollingFileAppender for element RollingFile: java.lang.IllegalStateException: ManagerFactory [org.apache.logging.log4j.core.appender.rolling.RollingFileManager$RollingFileManagerFactory@5ba88be8] unable to create manager for [C:\Users\emm12\OneDrive - UW\Winter Quarter 2023\CSE414\HW7\asterix-server-0.9.6-binary-assembly\apache-asterixdb-0.9.6\opt\local\logs\cc.log] with data [org.apache.logging.log4j.core.appender.rolling.RollingFileManager$FactoryData@56928307[pattern=C:\Users\emm12\OneDrive - UW\Winter Quarter 2023\CSE414\HW7\asterix-server-0.9.6-binary-assembly\apache-asterixdb-0.9.6\opt\local\logs\cc-%d{MM-dd-yy}.log.gz, append=true, bufferedIO=true, bufferSize=8192, policy=CompositeTriggeringPolicy(policies=[CronTriggeringPolicy(schedule=0 0 0 * * ?), SizeBasedTriggeringPolicy(size=52428800)]), strategy=DefaultRolloverStrategy(min=1, max=7, useMax=true), advertiseURI=null, layout=%d{HH:mm:ss.SSS} [%t] %-5level %logger{36} - %msg%n, filePermissions=null, fileOwner=null]] java.lang.IllegalStateException: ManagerFactory [org.apache.logging.log4j.core.appender.rolling.RollingFileManager$RollingFileManagerFactory@5ba88be8] unable to create manager for [C:\Users\emm12\OneDrive - UW\Winter Quarter 2023\CSE414\HW7\asterix-server-0.9.6-binary-assembly\apache-asterixdb-0.9.6\opt\local\logs\cc.log] with data [org.apache.logging.log4j.core.appender.rolling.RollingFileManager$FactoryData@56928307[pattern=C:\Users\emm12\OneDrive - UW\Winter Quarter 2023\CSE414\HW7\asterix-server-0.9.6-binary-assembly\apache-asterixdb-0.9.6\opt\local\logs\cc-%d{MM-dd-yy}.log.gz, append=true, bufferedIO=true, bufferSize=8192, policy=CompositeTriggeringPolicy(policies=[CronTriggeringPolicy(schedule=0 0 0 * * ?), SizeBasedTriggeringPolicy(size=52428800)]), strategy=DefaultRolloverStrategy(min=1, max=7, useMax=true), advertiseURI=null, layout=%d{HH:mm:ss.SSS} [%t] %-5level %logger{36} - %msg%n, filePermissions=null, fileOwner=null]]
	at org.apache.logging.log4j.core.appender.AbstractManager.getManager(AbstractManager.java:115)
	at org.apache.logging.log4j.core.appender.OutputStreamManager.getManager(OutputStreamManager.java:100)
	at org.apache.logging.log4j.core.appender.rolling.RollingFileManager.getFileManager(RollingFileManager.java:205)
	at org.apache.logging.log4j.core.appender.RollingFileAppender$Builder.build(RollingFileAppender.java:146)
	at org.apache.logging.log4j.core.appender.RollingFileAppender$Builder.build(RollingFileAppender.java:62)
	at org.apache.logging.log4j.core.config.plugins.util.PluginBuilder.build(PluginBuilder.java:122)
	at org.apache.logging.log4j.core.config.AbstractConfiguration.createPluginObject(AbstractConfiguration.java:1002)
	at org.apache.logging.log4j.core.config.AbstractConfiguration.createConfiguration(AbstractConfiguration.java:942)
	at org.apache.logging.log4j.core.config.AbstractConfiguration.createConfiguration(AbstractConfiguration.java:934)
	at org.apache.logging.log4j.core.config.AbstractConfiguration.doConfigure(AbstractConfiguration.java:552)
	at org.apache.logging.log4j.core.config.AbstractConfiguration.initialize(AbstractConfiguration.java:241)
	at org.apache.logging.log4j.core.config.builder.impl.DefaultConfigurationBuilder.build(DefaultConfigurationBuilder.java:205)
	at org.apache.logging.log4j.core.config.builder.impl.DefaultConfigurationBuilder.build(DefaultConfigurationBuilder.java:162)
	at org.apache.logging.log4j.core.config.builder.impl.DefaultConfigurationBuilder.build(DefaultConfigurationBuilder.java:58)
	at org.apache.hyracks.control.cc.CCLogConfigurationFactory.createConfiguration(CCLogConfigurationFactory.java:75)
	at org.apache.hyracks.control.cc.CCLogConfigurationFactory.getConfiguration(CCLogConfigurationFactory.java:87)
	at org.apache.hyracks.control.cc.CCLogConfigurationFactory.getConfiguration(CCLogConfigurationFactory.java:80)
	at org.apache.hyracks.control.cc.CCDriver.main(CCDriver.java:57)
	at java.base/jdk.internal.reflect.NativeMethodAccessorImpl.invoke0(Native Method)
	at java.base/jdk.internal.reflect.NativeMethodAccessorImpl.invoke(NativeMethodAccessorImpl.java:77)
	at java.base/jdk.internal.reflect.DelegatingMethodAccessorImpl.invoke(DelegatingMethodAccessorImpl.java:43)
	at java.base/java.lang.reflect.Method.invoke(Method.java:568)
	at org.codehaus.mojo.appassembler.booter.AppassemblerBooter.executeMain(AppassemblerBooter.java:238)
	at org.codehaus.mojo.appassembler.booter.AppassemblerBooter.main(AppassemblerBooter.java:70)

2023-03-13 15:49:43,803 main ERROR Unable to invoke factory method in class org.apache.logging.log4j.core.appender.RollingFileAppender for element RollingFile: java.lang.IllegalStateException: No factory method found for class org.apache.logging.log4j.core.appender.RollingFileAppender java.lang.IllegalStateException: No factory method found for class org.apache.logging.log4j.core.appender.RollingFileAppender
	at org.apache.logging.log4j.core.config.plugins.util.PluginBuilder.findFactoryMethod(PluginBuilder.java:234)
	at org.apache.logging.log4j.core.config.plugins.util.PluginBuilder.build(PluginBuilder.java:134)
	at org.apache.logging.log4j.core.config.AbstractConfiguration.createPluginObject(AbstractConfiguration.java:1002)
	at org.apache.logging.log4j.core.config.AbstractConfiguration.createConfiguration(AbstractConfiguration.java:942)
	at org.apache.logging.log4j.core.config.AbstractConfiguration.createConfiguration(AbstractConfiguration.java:934)
	at org.apache.logging.log4j.core.config.AbstractConfiguration.doConfigure(AbstractConfiguration.java:552)
	at org.apache.logging.log4j.core.config.AbstractConfiguration.initialize(AbstractConfiguration.java:241)
	at org.apache.logging.log4j.core.config.builder.impl.DefaultConfigurationBuilder.build(DefaultConfigurationBuilder.java:205)
	at org.apache.logging.log4j.core.config.builder.impl.DefaultConfigurationBuilder.build(DefaultConfigurationBuilder.java:162)
	at org.apache.logging.log4j.core.config.builder.impl.DefaultConfigurationBuilder.build(DefaultConfigurationBuilder.java:58)
	at org.apache.hyracks.control.cc.CCLogConfigurationFactory.createConfiguration(CCLogConfigurationFactory.java:75)
	at org.apache.hyracks.control.cc.CCLogConfigurationFactory.getConfiguration(CCLogConfigurationFactory.java:87)
	at org.apache.hyracks.control.cc.CCLogConfigurationFactory.getConfiguration(CCLogConfigurationFactory.java:80)
	at org.apache.hyracks.control.cc.CCDriver.main(CCDriver.java:57)
	at java.base/jdk.internal.reflect.NativeMethodAccessorImpl.invoke0(Native Method)
	at java.base/jdk.internal.reflect.NativeMethodAccessorImpl.invoke(NativeMethodAccessorImpl.java:77)
	at java.base/jdk.internal.reflect.DelegatingMethodAccessorImpl.invoke(DelegatingMethodAccessorImpl.java:43)
	at java.base/java.lang.reflect.Method.invoke(Method.java:568)
	at org.codehaus.mojo.appassembler.booter.AppassemblerBooter.executeMain(AppassemblerBooter.java:238)
	at org.codehaus.mojo.appassembler.booter.AppassemblerBooter.main(AppassemblerBooter.java:70)

2023-03-13 15:49:43,843 main ERROR Null object returned for RollingFile in Appenders.
2023-03-13 15:49:43,843 main ERROR Unable to locate appender "default" for logger config "root"
