-------------------------- 
Thu 03/02/2023 15:03:35.60 
-------------------------- 
15:03:37.966 [main] INFO  org.apache.hyracks.control.nc.service.NCService - Waiting for connection from CC on *:9090
15:03:40.141 [main] INFO  org.apache.hyracks.control.nc.service.NCService - Using JAVA_OPTS from conf file (jvm.args)
15:03:40.142 [main] INFO  org.apache.hyracks.control.nc.service.NCService - Setting JAVA_OPTS to -XX:MaxGCPauseMillis=25000 -Xmx9615m
15:03:40.143 [main] INFO  org.apache.hyracks.control.nc.service.NCService - Launching NCDriver process
15:03:41.815 [main] WARN  org.apache.hyracks.control.nc.NCLogConfigurationFactory - logs are being redirected to: C:\Users\emm12\OneDrive - UW\Winter Quarter 2023\CSE414\HW7\asterix-server-0.9.6-binary-assembly\apache-asterixdb-0.9.6\opt\local\logs\nc-asterix_nc1.log
^C15:07:02.971 [main] INFO  org.apache.hyracks.control.nc.service.NCService - NCDriver exited with return value -1073741510
^CTerminate batch job (Y/N)? -------------------------- 
Thu 03/02/2023 15:08:04.46 
-------------------------- 
15:08:06.333 [main] INFO  org.apache.hyracks.control.nc.service.NCService - Waiting for connection from CC on *:9090
15:08:08.469 [main] INFO  org.apache.hyracks.control.nc.service.NCService - Using JAVA_OPTS from conf file (jvm.args)
15:08:08.470 [main] INFO  org.apache.hyracks.control.nc.service.NCService - Setting JAVA_OPTS to -XX:MaxGCPauseMillis=25000 -Xmx9615m
15:08:08.470 [main] INFO  org.apache.hyracks.control.nc.service.NCService - Launching NCDriver process
15:08:09.928 [main] WARN  org.apache.hyracks.control.nc.NCLogConfigurationFactory - logs are being redirected to: C:\Users\emm12\OneDrive - UW\Winter Quarter 2023\CSE414\HW7\asterix-server-0.9.6-binary-assembly\apache-asterixdb-0.9.6\opt\local\logs\nc-asterix_nc1.log
16:31:04.079 [main] INFO  org.apache.hyracks.control.nc.service.NCService - NCDriver exited with return value 0
16:31:04.087 [main] INFO  org.apache.hyracks.control.nc.service.NCService - Waiting for connection from CC on *:9090
^C-------------------------- 
Wed 03/08/2023 18:03:22.86 
-------------------------- 
18:03:25.258 [main] INFO  org.apache.hyracks.control.nc.service.NCService - Waiting for connection from CC on *:9090
18:03:27.458 [main] INFO  org.apache.hyracks.control.nc.service.NCService - Using JAVA_OPTS from conf file (jvm.args)
18:03:27.458 [main] INFO  org.apache.hyracks.control.nc.service.NCService - Setting JAVA_OPTS to -XX:MaxGCPauseMillis=25000 -Xmx9615m
18:03:27.459 [main] INFO  org.apache.hyracks.control.nc.service.NCService - Launching NCDriver process
18:03:29.002 [main] WARN  org.apache.hyracks.control.nc.NCLogConfigurationFactory - logs are being redirected to: C:\Users\emm12\OneDrive - UW\Winter Quarter 2023\CSE414\HW7\asterix-server-0.9.6-binary-assembly\apache-asterixdb-0.9.6\opt\local\logs\nc-asterix_nc1.log
08:24:16.253 [main] INFO  org.apache.hyracks.control.nc.service.NCService - NCDriver exited with return value 0
08:24:16.438 [main] INFO  org.apache.hyracks.control.nc.service.NCService - Waiting for connection from CC on *:9090
12:02:22.705 [main] INFO  org.apache.hyracks.control.nc.service.NCService - Terminating NCService based on command from CC
12:02:22.708 [main] INFO  org.apache.hyracks.control.nc.service.NCService - JVM Exiting.. Bye!
-------------------------- 
Thu 03/09/2023 12:02:33.40 
-------------------------- 
12:02:35.215 [main] INFO  org.apache.hyracks.control.nc.service.NCService - Waiting for connection from CC on *:9090
12:02:36.903 [main] INFO  org.apache.hyracks.control.nc.service.NCService - Using JAVA_OPTS from conf file (jvm.args)
12:02:36.904 [main] INFO  org.apache.hyracks.control.nc.service.NCService - Setting JAVA_OPTS to -XX:MaxGCPauseMillis=25000 -Xmx9615m
12:02:36.904 [main] INFO  org.apache.hyracks.control.nc.service.NCService - Launching NCDriver process
12:02:38.247 [main] WARN  org.apache.hyracks.control.nc.NCLogConfigurationFactory - logs are being redirected to: C:\Users\emm12\OneDrive - UW\Winter Quarter 2023\CSE414\HW7\asterix-server-0.9.6-binary-assembly\apache-asterixdb-0.9.6\opt\local\logs\nc-asterix_nc1.log
15:34:07.440 [main] INFO  org.apache.hyracks.control.nc.service.NCService - NCDriver exited with return value 0
15:34:07.551 [main] INFO  org.apache.hyracks.control.nc.service.NCService - Waiting for connection from CC on *:9090
14:48:09.303 [main] INFO  org.apache.hyracks.control.nc.service.NCService - Terminating NCService based on command from CC
14:48:09.324 [main] INFO  org.apache.hyracks.control.nc.service.NCService - JVM Exiting.. Bye!
-------------------------- 
Sat 03/11/2023 14:48:20.63 
-------------------------- 
14:48:22.542 [main] INFO  org.apache.hyracks.control.nc.service.NCService - Waiting for connection from CC on *:9090
14:48:24.161 [main] INFO  org.apache.hyracks.control.nc.service.NCService - Using JAVA_OPTS from conf file (jvm.args)
14:48:24.162 [main] INFO  org.apache.hyracks.control.nc.service.NCService - Setting JAVA_OPTS to -XX:MaxGCPauseMillis=25000 -Xmx9615m
14:48:24.162 [main] INFO  org.apache.hyracks.control.nc.service.NCService - Launching NCDriver process
14:48:25.366 [main] WARN  org.apache.hyracks.control.nc.NCLogConfigurationFactory - logs are being redirected to: C:\Users\emm12\OneDrive - UW\Winter Quarter 2023\CSE414\HW7\asterix-server-0.9.6-binary-assembly\apache-asterixdb-0.9.6\opt\local\logs\nc-asterix_nc1.log
^CTerminate batch job (Y/N)? ^C-------------------------- 
Sun 03/12/2023 18:38:39.77 
-------------------------- 
18:38:41.932 [main] INFO  org.apache.hyracks.control.nc.service.NCService - Waiting for connection from CC on *:9090
18:38:43.842 [main] INFO  org.apache.hyracks.control.nc.service.NCService - Using JAVA_OPTS from conf file (jvm.args)
18:38:43.843 [main] INFO  org.apache.hyracks.control.nc.service.NCService - Setting JAVA_OPTS to -XX:MaxGCPauseMillis=25000 -Xmx9615m
18:38:43.844 [main] INFO  org.apache.hyracks.control.nc.service.NCService - Launching NCDriver process
18:38:45.496 [main] WARN  org.apache.hyracks.control.nc.NCLogConfigurationFactory - logs are being redirected to: C:\Users\emm12\OneDrive - UW\Winter Quarter 2023\CSE414\HW7\asterix-server-0.9.6-binary-assembly\apache-asterixdb-0.9.6\opt\local\logs\nc-asterix_nc1.log
09:31:48.833 [main] INFO  org.apache.hyracks.control.nc.service.NCService - NCDriver exited with return value 0
09:31:49.158 [main] INFO  org.apache.hyracks.control.nc.service.NCService - Waiting for connection from CC on *:9090
15:49:29.464 [main] INFO  org.apache.hyracks.control.nc.service.NCService - Terminating NCService based on command from CC
15:49:29.473 [main] INFO  org.apache.hyracks.control.nc.service.NCService - JVM Exiting.. Bye!
-------------------------- 
Mon 03/13/2023 15:49:40.92 
-------------------------- 
15:49:43.628 [main] INFO  org.apache.hyracks.control.nc.service.NCService - Waiting for connection from CC on *:9090
15:49:46.428 [main] INFO  org.apache.hyracks.control.nc.service.NCService - Using JAVA_OPTS from conf file (jvm.args)
15:49:46.429 [main] INFO  org.apache.hyracks.control.nc.service.NCService - Setting JAVA_OPTS to -XX:MaxGCPauseMillis=25000 -Xmx9615m
15:49:46.429 [main] INFO  org.apache.hyracks.control.nc.service.NCService - Launching NCDriver process
15:49:48.055 [main] WARN  org.apache.hyracks.control.nc.NCLogConfigurationFactory - logs are being redirected to: C:\Users\emm12\OneDrive - UW\Winter Quarter 2023\CSE414\HW7\asterix-server-0.9.6-binary-assembly\apache-asterixdb-0.9.6\opt\local\logs\nc-asterix_nc1.log
